  synth_concatenate.cpp
tts.synth.lib(dsp_waveplay.obj) : warning LNK4006: "class cst::dsp::CWaveOut cst::dsp::g_waveOutDev" (?g_waveOutDev@dsp@cst@@3VCWaveOut@12@A) already defined in cst.lib(dsp_waveplay.obj); second definition ignored
tts.synth.lib(dsp_waveplay.obj) : warning LNK4006: "class cst::dsp::CWaveData cst::dsp::g_waveData" (?g_waveData@dsp@cst@@3VCWaveData@12@A) already defined in cst.lib(dsp_waveplay.obj); second definition ignored
tts.synth.lib(dsp_waveplay.obj) : warning LNK4006: "public: static bool __cdecl cst::dsp::CWavePlay::playWaveData(class cst::dsp::CWaveData const &,int)" (?playWaveData@CWavePlay@dsp@cst@@SA_NAEBVCWaveData@23@H@Z) already defined in cst.lib(dsp_waveplay.obj); second definition ignored
tts.synth.lib(dsp_waveplay.obj) : warning LNK4006: "public: static bool __cdecl cst::dsp::CWavePlay::playWaveFile(wchar_t const *,int)" (?playWaveFile@CWavePlay@dsp@cst@@SA_NPEB_WH@Z) already defined in cst.lib(dsp_waveplay.obj); second definition ignored
tts.synth.lib(dsp_wavefile.obj) : warning LNK4006: "public: static bool __cdecl cst::dsp::CWaveFile::fileExist(wchar_t const *)" (?fileExist@CWaveFile@dsp@cst@@SA_NPEB_W@Z) already defined in cst.lib(dsp_wavefile.obj); second definition ignored
tts.synth.lib(dsp_wavefile.obj) : warning LNK4006: "public: static bool __cdecl cst::dsp::CWaveFile::save(wchar_t const *,class cst::dsp::CWaveData const &,unsigned int)" (?save@CWaveFile@dsp@cst@@SA_NPEB_WAEBVCWaveData@23@I@Z) already defined in cst.lib(dsp_wavefile.obj); second definition ignored
tts.synth.lib(dsp_wavefile.obj) : warning LNK4006: "public: static bool __cdecl cst::dsp::CWaveFile::load(wchar_t const *,class cst::dsp::CWaveData &)" (?load@CWaveFile@dsp@cst@@SA_NPEB_WAEAVCWaveData@23@@Z) already defined in cst.lib(dsp_wavefile.obj); second definition ignored
tts.synth.lib(dsp_wavefile.obj) : warning LNK4006: "protected: bool __cdecl cst::dsp::CWaveFile::writeFileHeader(void)" (?writeFileHeader@CWaveFile@dsp@cst@@IEAA_NXZ) already defined in cst.lib(dsp_wavefile.obj); second definition ignored
tts.synth.lib(dsp_wavefile.obj) : warning LNK4006: "protected: bool __cdecl cst::dsp::CWaveFile::readFileHeader(void)" (?readFileHeader@CWaveFile@dsp@cst@@IEAA_NXZ) already defined in cst.lib(dsp_wavefile.obj); second definition ignored
tts.synth.lib(dsp_wavefile.obj) : warning LNK4006: "protected: bool __cdecl cst::dsp::CWaveFile::searchChunk(char const *)" (?searchChunk@CWaveFile@dsp@cst@@IEAA_NPEBD@Z) already defined in cst.lib(dsp_wavefile.obj); second definition ignored
tts.synth.lib(dsp_wavefile.obj) : warning LNK4006: "protected: bool __cdecl cst::dsp::CWaveFile::checkID(char const *,char const *)" (?checkID@CWaveFile@dsp@cst@@IEAA_NPEBD0@Z) already defined in cst.lib(dsp_wavefile.obj); second definition ignored
tts.synth.lib(dsp_wavefile.obj) : warning LNK4006: "public: virtual bool __cdecl cst::dsp::CWaveFile::seek(long,int)" (?seek@CWaveFile@dsp@cst@@UEAA_NJH@Z) already defined in cst.lib(dsp_wavefile.obj); second definition ignored
tts.synth.lib(dsp_wavefile.obj) : warning LNK4006: "public: virtual unsigned long __cdecl cst::dsp::CWaveFile::read(void *,unsigned long)" (?read@CWaveFile@dsp@cst@@UEAAKPEAXK@Z) already defined in cst.lib(dsp_wavefile.obj); second definition ignored
tts.synth.lib(dsp_wavefile.obj) : warning LNK4006: "public: virtual unsigned long __cdecl cst::dsp::CWaveFile::write(void const *,unsigned long)" (?write@CWaveFile@dsp@cst@@UEAAKPEBXK@Z) already defined in cst.lib(dsp_wavefile.obj); second definition ignored
tts.synth.lib(dsp_wavefile.obj) : warning LNK4006: "public: virtual bool __cdecl cst::dsp::CWaveFile::close(void)" (?close@CWaveFile@dsp@cst@@UEAA_NXZ) already defined in cst.lib(dsp_wavefile.obj); second definition ignored
tts.synth.lib(dsp_wavefile.obj) : warning LNK4006: "public: virtual bool __cdecl cst::dsp::CWaveFile::open(wchar_t const *,unsigned int)" (?open@CWaveFile@dsp@cst@@UEAA_NPEB_WI@Z) already defined in cst.lib(dsp_wavefile.obj); second definition ignored
tts.synth.lib(dsp_wavefile.obj) : warning LNK4006: "public: bool __cdecl cst::dsp::CWaveFile::setFormat(unsigned long,unsigned short,unsigned short,unsigned short)" (?setFormat@CWaveFile@dsp@cst@@QEAA_NKGGG@Z) already defined in cst.lib(dsp_wavefile.obj); second definition ignored
tts.synth.lib(dsp_wavefile.obj) : warning LNK4006: "public: __cdecl cst::dsp::CWaveFile::CWaveFile(void)" (??0CWaveFile@dsp@cst@@QEAA@XZ) already defined in cst.lib(dsp_wavefile.obj); second definition ignored
tts.synth.lib(dsp_wavedevice.obj) : warning LNK4006: "public: bool __cdecl cst::dsp::CWaveOut::wait(void)" (?wait@CWaveOut@dsp@cst@@QEAA_NXZ) already defined in cst.lib(dsp_wavedevice.obj); second definition ignored
tts.synth.lib(dsp_wavedevice.obj) : warning LNK4006: "public: bool __cdecl cst::dsp::CWaveOut::resume(void)" (?resume@CWaveOut@dsp@cst@@QEAA_NXZ) already defined in cst.lib(dsp_wavedevice.obj); second definition ignored
tts.synth.lib(dsp_wavedevice.obj) : warning LNK4006: "public: bool __cdecl cst::dsp::CWaveOut::pause(void)" (?pause@CWaveOut@dsp@cst@@QEAA_NXZ) already defined in cst.lib(dsp_wavedevice.obj); second definition ignored
tts.synth.lib(dsp_wavedevice.obj) : warning LNK4006: "public: bool __cdecl cst::dsp::CWaveOut::stop(void)" (?stop@CWaveOut@dsp@cst@@QEAA_NXZ) already defined in cst.lib(dsp_wavedevice.obj); second definition ignored
tts.synth.lib(dsp_wavedevice.obj) : warning LNK4006: "public: bool __cdecl cst::dsp::CWaveOut::write(void const *,unsigned int)" (?write@CWaveOut@dsp@cst@@QEAA_NPEBXI@Z) already defined in cst.lib(dsp_wavedevice.obj); second definition ignored
tts.synth.lib(dsp_wavedevice.obj) : warning LNK4006: "public: bool __cdecl cst::dsp::CWaveOut::close(void)" (?close@CWaveOut@dsp@cst@@QEAA_NXZ) already defined in cst.lib(dsp_wavedevice.obj); second definition ignored
tts.synth.lib(dsp_wavedevice.obj) : warning LNK4006: "public: bool __cdecl cst::dsp::CWaveOut::open(unsigned int,int,int,int)" (?open@CWaveOut@dsp@cst@@QEAA_NIHHH@Z) already defined in cst.lib(dsp_wavedevice.obj); second definition ignored
tts.synth.lib(dsp_wavedevice.obj) : warning LNK4006: "public: bool __cdecl cst::dsp::CWaveOut::isWorking(void)" (?isWorking@CWaveOut@dsp@cst@@QEAA_NXZ) already defined in cst.lib(dsp_wavedevice.obj); second definition ignored
tts.synth.lib(dsp_wavedevice.obj) : warning LNK4006: "public: bool __cdecl cst::dsp::CWaveOut::isOpened(void)" (?isOpened@CWaveOut@dsp@cst@@QEAA_NXZ) already defined in cst.lib(dsp_wavedevice.obj); second definition ignored
tts.synth.lib(dsp_wavedevice.obj) : warning LNK4006: "public: virtual __cdecl cst::dsp::CWaveOut::~CWaveOut(void)" (??1CWaveOut@dsp@cst@@UEAA@XZ) already defined in cst.lib(dsp_wavedevice.obj); second definition ignored
tts.synth.lib(dsp_wavedevice.obj) : warning LNK4006: "public: __cdecl cst::dsp::CWaveOut::CWaveOut(void)" (??0CWaveOut@dsp@cst@@QEAA@XZ) already defined in cst.lib(dsp_wavedevice.obj); second definition ignored
tts.synth.lib(dsp_wavedevice.obj) : warning LNK4006: "void __cdecl cst::dsp::wavOutProc(struct HWAVEOUT__ *,unsigned int,unsigned __int64,unsigned long,unsigned long)" (?wavOutProc@dsp@cst@@YAXPEAUHWAVEOUT__@@I_KKK@Z) already defined in cst.lib(dsp_wavedevice.obj); second definition ignored
tts.synth.lib(dsp_wavedata.obj) : warning LNK4006: "public: void __cdecl cst::dsp::CWaveData::setSampleValue(unsigned long,int)" (?setSampleValue@CWaveData@dsp@cst@@QEAAXKH@Z) already defined in cst.lib(dsp_wavedata.obj); second definition ignored
tts.synth.lib(dsp_wavedata.obj) : warning LNK4006: "public: int __cdecl cst::dsp::CWaveData::getSampleValue(unsigned long)const " (?getSampleValue@CWaveData@dsp@cst@@QEBAHK@Z) already defined in cst.lib(dsp_wavedata.obj); second definition ignored
tts.synth.lib(dsp_wavedata.obj) : warning LNK4006: "public: bool __cdecl cst::dsp::CWaveData::alignData(void)" (?alignData@CWaveData@dsp@cst@@QEAA_NXZ) already defined in cst.lib(dsp_wavedata.obj); second definition ignored
tts.synth.lib(dsp_wavedata.obj) : warning LNK4006: "public: bool __cdecl cst::dsp::CWaveData::setFormat(unsigned long,unsigned short,unsigned short,unsigned short)" (?setFormat@CWaveData@dsp@cst@@QEAA_NKGGG@Z) already defined in cst.lib(dsp_wavedata.obj); second definition ignored
tts.synth.lib(dsp_wavedata.obj) : warning LNK4006: "public: class cst::dsp::CWaveData & __cdecl cst::dsp::CWaveData::operator=(class cst::dsp::CWaveData const &)" (??4CWaveData@dsp@cst@@QEAAAEAV012@AEBV012@@Z) already defined in cst.lib(dsp_wavedata.obj); second definition ignored
tts.synth.lib(dsp_wavedata.obj) : warning LNK4006: "public: __cdecl cst::dsp::CWaveData::CWaveData(class cst::dsp::CWaveData const &)" (??0CWaveData@dsp@cst@@QEAA@AEBV012@@Z) already defined in cst.lib(dsp_wavedata.obj); second definition ignored
tts.synth.lib(dsp_dspalgorithm.obj) : warning LNK4006: "protected: static double const cst::dsp::CDSPAlgorithm::PI" (?PI@CDSPAlgorithm@dsp@cst@@1NB) already defined in cst.lib(dsp_dspalgorithm.obj); second definition ignored
tts.synth.lib(dsp_dspalgorithm.obj) : warning LNK4006: "public: static bool __cdecl cst::dsp::CDSPAlgorithm::hanningOverlap(class cst::dsp::CWaveData const &,class cst::dsp::CWaveData const &,class cst::dsp::CWaveData &)" (?hanningOverlap@CDSPAlgorithm@dsp@cst@@SA_NAEBVCWaveData@23@0AEAV423@@Z) already defined in cst.lib(dsp_dspalgorithm.obj); second definition ignored
tts.synth.lib(dsp_dspalgorithm.obj) : warning LNK4006: "public: static bool __cdecl cst::dsp::CDSPAlgorithm::overlapAdd(class cst::dsp::CWaveData &,class cst::dsp::CWaveData const &)" (?overlapAdd@CDSPAlgorithm@dsp@cst@@SA_NAEAVCWaveData@23@AEBV423@@Z) already defined in cst.lib(dsp_dspalgorithm.obj); second definition ignored
tts.synth.lib(dsp_dspalgorithm.obj) : warning LNK4006: "public: static bool __cdecl cst::dsp::CDSPAlgorithm::amplify(class cst::dsp::CWaveData &,unsigned long,unsigned long,float)" (?amplify@CDSPAlgorithm@dsp@cst@@SA_NAEAVCWaveData@23@KKM@Z) already defined in cst.lib(dsp_dspalgorithm.obj); second definition ignored
tts.synth.lib(dsp_dspalgorithm.obj) : warning LNK4006: "public: static bool __cdecl cst::dsp::CDSPAlgorithm::hanningDown(class cst::dsp::CWaveData &,unsigned long,unsigned long)" (?hanningDown@CDSPAlgorithm@dsp@cst@@SA_NAEAVCWaveData@23@KK@Z) already defined in cst.lib(dsp_dspalgorithm.obj); second definition ignored
tts.synth.lib(dsp_dspalgorithm.obj) : warning LNK4006: "public: static bool __cdecl cst::dsp::CDSPAlgorithm::hanningUp(class cst::dsp::CWaveData &,unsigned long,unsigned long)" (?hanningUp@CDSPAlgorithm@dsp@cst@@SA_NAEAVCWaveData@23@KK@Z) already defined in cst.lib(dsp_dspalgorithm.obj); second definition ignored
tts.synth.lib(dsp_dspalgorithm.obj) : warning LNK4006: "public: static bool __cdecl cst::dsp::CDSPAlgorithm::hanningNormal(class cst::dsp::CWaveData &,unsigned long,unsigned long)" (?hanningNormal@CDSPAlgorithm@dsp@cst@@SA_NAEAVCWaveData@23@KK@Z) already defined in cst.lib(dsp_dspalgorithm.obj); second definition ignored
tts.synth.lib(dsp_dspalgorithm.obj) : warning LNK4006: "public: static bool __cdecl cst::dsp::CDSPAlgorithm::multiplyWindow(class cst::dsp::CWaveData &,float *,unsigned long,unsigned long)" (?multiplyWindow@CDSPAlgorithm@dsp@cst@@SA_NAEAVCWaveData@23@PEAMKK@Z) already defined in cst.lib(dsp_dspalgorithm.obj); second definition ignored
tts.synth.lib(dsp_dspalgorithm.obj) : warning LNK4006: "protected: static void __cdecl cst::dsp::CDSPAlgorithm::getHanningDownHill(float *,unsigned long)" (?getHanningDownHill@CDSPAlgorithm@dsp@cst@@KAXPEAMK@Z) already defined in cst.lib(dsp_dspalgorithm.obj); second definition ignored
tts.synth.lib(dsp_dspalgorithm.obj) : warning LNK4006: "protected: static void __cdecl cst::dsp::CDSPAlgorithm::getHanningUpHill(float *,unsigned long)" (?getHanningUpHill@CDSPAlgorithm@dsp@cst@@KAXPEAMK@Z) already defined in cst.lib(dsp_dspalgorithm.obj); second definition ignored
tts.synth.lib(dsp_dspalgorithm.obj) : warning LNK4006: "protected: static void __cdecl cst::dsp::CDSPAlgorithm::getHanningWindow(float *,unsigned long)" (?getHanningWindow@CDSPAlgorithm@dsp@cst@@KAXPEAMK@Z) already defined in cst.lib(dsp_dspalgorithm.obj); second definition ignored
tts.synth.lib(dsp_databuffer.obj) : warning LNK4006: "public: unsigned long __cdecl cst::dsp::CDataBuffer::assignData(unsigned char const *,unsigned long,unsigned long)" (?assignData@CDataBuffer@dsp@cst@@QEAAKPEBEKK@Z) already defined in cst.lib(dsp_databuffer.obj); second definition ignored
tts.synth.lib(dsp_databuffer.obj) : warning LNK4006: "public: bool __cdecl cst::dsp::CDataBuffer::appendData(unsigned char const *,unsigned long)" (?appendData@CDataBuffer@dsp@cst@@QEAA_NPEBEK@Z) already defined in cst.lib(dsp_databuffer.obj); second definition ignored
tts.synth.lib(dsp_databuffer.obj) : warning LNK4006: "public: bool __cdecl cst::dsp::CDataBuffer::resize(unsigned long)" (?resize@CDataBuffer@dsp@cst@@QEAA_NK@Z) already defined in cst.lib(dsp_databuffer.obj); second definition ignored
tts.synth.lib(dsp_databuffer.obj) : warning LNK4006: "public: bool __cdecl cst::dsp::CDataBuffer::clear(void)" (?clear@CDataBuffer@dsp@cst@@QEAA_NXZ) already defined in cst.lib(dsp_databuffer.obj); second definition ignored
tts.synth.lib(dsp_databuffer.obj) : warning LNK4006: "public: class cst::dsp::CDataBuffer & __cdecl cst::dsp::CDataBuffer::operator=(class cst::dsp::CDataBuffer const &)" (??4CDataBuffer@dsp@cst@@QEAAAEAV012@AEBV012@@Z) already defined in cst.lib(dsp_databuffer.obj); second definition ignored
tts.synth.lib(dsp_databuffer.obj) : warning LNK4006: "public: __cdecl cst::dsp::CDataBuffer::CDataBuffer(class cst::dsp::CDataBuffer const &)" (??0CDataBuffer@dsp@cst@@QEAA@AEBV012@@Z) already defined in cst.lib(dsp_databuffer.obj); second definition ignored
tts.synth.lib(xml_sax.obj) : warning LNK4006: "public: static bool __cdecl cst::xml::CXMLReader::isNameChar(wchar_t)" (?isNameChar@CXMLReader@xml@cst@@SA_N_W@Z) already defined in cst.lib(xml_sax.obj); second definition ignored
tts.synth.lib(xml_sax.obj) : warning LNK4006: "public: static bool __cdecl cst::xml::CXMLReader::isNameStart(wchar_t)" (?isNameStart@CXMLReader@xml@cst@@SA_N_W@Z) already defined in cst.lib(xml_sax.obj); second definition ignored
tts.synth.lib(xml_sax.obj) : warning LNK4006: "public: static bool __cdecl cst::xml::CXMLReader::isWhiteSpace(wchar_t)" (?isWhiteSpace@CXMLReader@xml@cst@@SA_N_W@Z) already defined in cst.lib(xml_sax.obj); second definition ignored
tts.synth.lib(xml_sax.obj) : warning LNK4006: "public: bool __cdecl cst::xml::CXMLReader::readUntil(wchar_t const *,wchar_t const *,bool)" (?readUntil@CXMLReader@xml@cst@@QEAA_NPEB_W0_N@Z) already defined in cst.lib(xml_sax.obj); second definition ignored
tts.synth.lib(xml_sax.obj) : warning LNK4006: "public: bool __cdecl cst::xml::CXMLReader::peekString(wchar_t const *,bool)" (?peekString@CXMLReader@xml@cst@@QEAA_NPEB_W_N@Z) already defined in cst.lib(xml_sax.obj); second definition ignored
tts.synth.lib(xml_sax.obj) : warning LNK4006: "public: __cdecl cst::xml::CXMLReader::~CXMLReader(void)" (??1CXMLReader@xml@cst@@QEAA@XZ) already defined in cst.lib(xml_sax.obj); second definition ignored
tts.synth.lib(xml_sax.obj) : warning LNK4006: "public: __cdecl cst::xml::CXMLReader::CXMLReader(wchar_t const *,enum cst::xml::EXMLEncoding,bool)" (??0CXMLReader@xml@cst@@QEAA@PEB_WW4EXMLEncoding@12@_N@Z) already defined in cst.lib(xml_sax.obj); second definition ignored
tts.synth.lib(xml_sax.obj) : warning LNK4006: "protected: void __cdecl cst::xml::CXMLSAXParser::emitError(enum cst::xml::CXMLSAXParser::EErrorCodes,wchar_t const *)" (?emitError@CXMLSAXParser@xml@cst@@IEAAXW4EErrorCodes@123@PEB_W@Z) already defined in cst.lib(xml_sax.obj); second definition ignored
tts.synth.lib(xml_sax.obj) : warning LNK4006: "protected: bool __cdecl cst::xml::CXMLSAXParser::reset(wchar_t const *,enum cst::xml::EXMLEncoding,bool)" (?reset@CXMLSAXParser@xml@cst@@IEAA_NPEB_WW4EXMLEncoding@23@_N@Z) already defined in cst.lib(xml_sax.obj); second definition ignored
tts.synth.lib(xml_sax.obj) : warning LNK4006: "protected: enum cst::xml::CXMLSAXParser::ETokens __cdecl cst::xml::CXMLSAXParser::senseNextToken(void)" (?senseNextToken@CXMLSAXParser@xml@cst@@IEAA?AW4ETokens@123@XZ) already defined in cst.lib(xml_sax.obj); second definition ignored
tts.synth.lib(xml_sax.obj) : warning LNK4006: "protected: wchar_t const * __cdecl cst::xml::CXMLSAXParser::senseAttribValue(enum cst::xml::CXMLSAXParser::EErrorCodes,unsigned __int64 &)" (?senseAttribValue@CXMLSAXParser@xml@cst@@IEAAPEB_WW4EErrorCodes@123@AEA_K@Z) already defined in cst.lib(xml_sax.obj); second definition ignored
tts.synth.lib(xml_sax.obj) : warning LNK4006: "protected: void __cdecl cst::xml::CXMLSAXParser::scanEndTag(void)" (?scanEndTag@CXMLSAXParser@xml@cst@@IEAAXXZ) already defined in cst.lib(xml_sax.obj); second definition ignored
tts.synth.lib(xml_sax.obj) : warning LNK4006: "protected: void __cdecl cst::xml::CXMLSAXParser::scanStartTag(void)" (?scanStartTag@CXMLSAXParser@xml@cst@@IEAAXXZ) already defined in cst.lib(xml_sax.obj); second definition ignored
tts.synth.lib(xml_sax.obj) : warning LNK4006: "protected: void __cdecl cst::xml::CXMLSAXParser::scanDeclaration(void)" (?scanDeclaration@CXMLSAXParser@xml@cst@@IEAAXXZ) already defined in cst.lib(xml_sax.obj); second definition ignored
tts.synth.lib(xml_sax.obj) : warning LNK4006: "protected: void __cdecl cst::xml::CXMLSAXParser::scanComment(void)" (?scanComment@CXMLSAXParser@xml@cst@@IEAAXXZ) already defined in cst.lib(xml_sax.obj); second definition ignored
tts.synth.lib(xml_sax.obj) : warning LNK4006: "protected: void __cdecl cst::xml::CXMLSAXParser::scanUnknownTag(void)" (?scanUnknownTag@CXMLSAXParser@xml@cst@@IEAAXXZ) already defined in cst.lib(xml_sax.obj); second definition ignored
tts.synth.lib(xml_sax.obj) : warning LNK4006: "protected: void __cdecl cst::xml::CXMLSAXParser::scanCharData(void)" (?scanCharData@CXMLSAXParser@xml@cst@@IEAAXXZ) already defined in cst.lib(xml_sax.obj); second definition ignored
tts.synth.lib(xml_sax.obj) : warning LNK4006: "public: void __cdecl cst::xml::CXMLSAXParser::parse(wchar_t const *,enum cst::xml::EXMLEncoding,bool)" (?parse@CXMLSAXParser@xml@cst@@QEAAXPEB_WW4EXMLEncoding@23@_N@Z) already defined in cst.lib(xml_sax.obj); second definition ignored
tts.synth.lib(xml_sax.obj) : warning LNK4006: "public: void __cdecl cst::xml::CXMLSAXParser::setContinueAfterError(bool)" (?setContinueAfterError@CXMLSAXParser@xml@cst@@QEAAX_N@Z) already defined in cst.lib(xml_sax.obj); second definition ignored
tts.synth.lib(xml_sax.obj) : warning LNK4006: "public: void __cdecl cst::xml::CXMLSAXParser::setHandler(class cst::xml::CXMLSAXHandler *)" (?setHandler@CXMLSAXParser@xml@cst@@QEAAXPEAVCXMLSAXHandler@23@@Z) already defined in cst.lib(xml_sax.obj); second definition ignored
tts.synth.lib(xml_sax.obj) : warning LNK4006: "public: __cdecl cst::xml::CXMLSAXParser::~CXMLSAXParser(void)" (??1CXMLSAXParser@xml@cst@@QEAA@XZ) already defined in cst.lib(xml_sax.obj); second definition ignored
tts.synth.lib(xml_sax.obj) : warning LNK4006: "public: __cdecl cst::xml::CXMLSAXParser::CXMLSAXParser(void)" (??0CXMLSAXParser@xml@cst@@QEAA@XZ) already defined in cst.lib(xml_sax.obj); second definition ignored
tts.synth.lib(xml_dom.obj) : warning LNK4006: "public: bool __cdecl cst::xml::CXMLDocument::print(void)const " (?print@CXMLDocument@xml@cst@@QEBA_NXZ) already defined in cst.lib(xml_dom.obj); second definition ignored
tts.synth.lib(xml_dom.obj) : warning LNK4006: "public: virtual bool __cdecl cst::xml::CXMLDocument::print(class std::basic_ostream<wchar_t,struct std::char_traits<wchar_t> > &,int)const " (?print@CXMLDocument@xml@cst@@UEBA_NAEAV?$basic_ostream@_WU?$char_traits@_W@std@@@std@@H@Z) already defined in cst.lib(xml_dom.obj); second definition ignored
tts.synth.lib(xml_dom.obj) : warning LNK4006: "public: bool __cdecl cst::xml::CXMLDocument::save(wchar_t const *,enum cst::str::EEncoding)const " (?save@CXMLDocument@xml@cst@@QEBA_NPEB_WW4EEncoding@str@3@@Z) already defined in cst.lib(xml_dom.obj); second definition ignored
tts.synth.lib(xml_dom.obj) : warning LNK4006: "public: bool __cdecl cst::xml::CXMLDocument::load(wchar_t const *,enum cst::str::EEncoding)" (?load@CXMLDocument@xml@cst@@QEAA_NPEB_WW4EEncoding@str@3@@Z) already defined in cst.lib(xml_dom.obj); second definition ignored
tts.synth.lib(xml_dom.obj) : warning LNK4006: "public: bool __cdecl cst::xml::CXMLDocument::parse(wchar_t const *,bool,enum cst::xml::EXMLEncoding)" (?parse@CXMLDocument@xml@cst@@QEAA_NPEB_W_NW4EXMLEncoding@23@@Z) already defined in cst.lib(xml_dom.obj); second definition ignored
tts.synth.lib(xml_dom.obj) : warning LNK4006: "public: class std::basic_string<wchar_t,struct std::char_traits<wchar_t>,class std::allocator<wchar_t> > const & __cdecl cst::xml::CXMLElement::getAttribute(class std::basic_string<wchar_t,struct std::char_traits<wchar_t>,class std::allocator<wchar_t> > const &)const " (?getAttribute@CXMLElement@xml@cst@@QEBAAEBV?$basic_string@_WU?$char_traits@_W@std@@V?$allocator@_W@2@@std@@AEBV45@@Z) already defined in cst.lib(xml_dom.obj); second definition ignored
tts.synth.lib(xml_dom.obj) : warning LNK4006: "public: void __cdecl cst::xml::CXMLElement::removeAttribute(class std::basic_string<wchar_t,struct std::char_traits<wchar_t>,class std::allocator<wchar_t> > const &)" (?removeAttribute@CXMLElement@xml@cst@@QEAAXAEBV?$basic_string@_WU?$char_traits@_W@std@@V?$allocator@_W@2@@std@@@Z) already defined in cst.lib(xml_dom.obj); second definition ignored
tts.synth.lib(xml_dom.obj) : warning LNK4006: "public: bool __cdecl cst::xml::CXMLElement::setAttribute(class std::basic_string<wchar_t,struct std::char_traits<wchar_t>,class std::allocator<wchar_t> > const &,class std::basic_string<wchar_t,struct std::char_traits<wchar_t>,class std::allocator<wchar_t> > const &)" (?setAttribute@CXMLElement@xml@cst@@QEAA_NAEBV?$basic_string@_WU?$char_traits@_W@std@@V?$allocator@_W@2@@std@@0@Z) already defined in cst.lib(xml_dom.obj); second definition ignored
tts.synth.lib(xml_dom.obj) : warning LNK4006: "public: virtual bool __cdecl cst::xml::CXMLElement::print(class std::basic_ostream<wchar_t,struct std::char_traits<wchar_t> > &,int)const " (?print@CXMLElement@xml@cst@@UEBA_NAEAV?$basic_ostream@_WU?$char_traits@_W@std@@@std@@H@Z) already defined in cst.lib(xml_dom.obj); second definition ignored
tts.synth.lib(xml_dom.obj) : warning LNK4006: "public: virtual __cdecl cst::xml::CXMLElement::~CXMLElement(void)" (??1CXMLElement@xml@cst@@UEAA@XZ) already defined in cst.lib(xml_dom.obj); second definition ignored
tts.synth.lib(xml_dom.obj) : warning LNK4006: "public: bool __cdecl cst::xml::CXMLAttribList::remove(class cst::xml::CXMLAttribute *)" (?remove@CXMLAttribList@xml@cst@@QEAA_NPEAVCXMLAttribute@23@@Z) already defined in cst.lib(xml_dom.obj); second definition ignored
tts.synth.lib(xml_dom.obj) : warning LNK4006: "public: bool __cdecl cst::xml::CXMLAttribList::add(class cst::xml::CXMLAttribute *)" (?add@CXMLAttribList@xml@cst@@QEAA_NPEAVCXMLAttribute@23@@Z) already defined in cst.lib(xml_dom.obj); second definition ignored
tts.synth.lib(xml_dom.obj) : warning LNK4006: "public: class cst::xml::CXMLAttribute * __cdecl cst::xml::CXMLAttribList::find(class std::basic_string<wchar_t,struct std::char_traits<wchar_t>,class std::allocator<wchar_t> > const &)const " (?find@CXMLAttribList@xml@cst@@QEBAPEAVCXMLAttribute@23@AEBV?$basic_string@_WU?$char_traits@_W@std@@V?$allocator@_W@2@@std@@@Z) already defined in cst.lib(xml_dom.obj); second definition ignored
tts.synth.lib(xml_dom.obj) : warning LNK4006: "public: virtual bool __cdecl cst::xml::CXMLAttribList::print(class std::basic_ostream<wchar_t,struct std::char_traits<wchar_t> > &,int)const " (?print@CXMLAttribList@xml@cst@@UEBA_NAEAV?$basic_ostream@_WU?$char_traits@_W@std@@@std@@H@Z) already defined in cst.lib(xml_dom.obj); second definition ignored
tts.synth.lib(xml_dom.obj) : warning LNK4006: "public: virtual bool __cdecl cst::xml::CXMLAttribute::print(class std::basic_ostream<wchar_t,struct std::char_traits<wchar_t> > &,int)const " (?print@CXMLAttribute@xml@cst@@UEBA_NAEAV?$basic_ostream@_WU?$char_traits@_W@std@@@std@@H@Z) already defined in cst.lib(xml_dom.obj); second definition ignored
tts.synth.lib(xml_dom.obj) : warning LNK4006: "public: __cdecl cst::xml::CXMLAttribute::CXMLAttribute(class std::basic_string<wchar_t,struct std::char_traits<wchar_t>,class std::allocator<wchar_t> > const &,class std::basic_string<wchar_t,struct std::char_traits<wchar_t>,class std::allocator<wchar_t> > const &)" (??0CXMLAttribute@xml@cst@@QEAA@AEBV?$basic_string@_WU?$char_traits@_W@std@@V?$allocator@_W@2@@std@@0@Z) already defined in cst.lib(xml_dom.obj); second definition ignored
tts.synth.lib(xml_dom.obj) : warning LNK4006: "public: bool __cdecl cst::xml::CXMLText::isBlank(void)const " (?isBlank@CXMLText@xml@cst@@QEBA_NXZ) already defined in cst.lib(xml_dom.obj); second definition ignored
tts.synth.lib(xml_dom.obj) : warning LNK4006: "public: static void __cdecl cst::xml::CXMLText::decodeEscapes(class std::basic_string<wchar_t,struct std::char_traits<wchar_t>,class std::allocator<wchar_t> > &)" (?decodeEscapes@CXMLText@xml@cst@@SAXAEAV?$basic_string@_WU?$char_traits@_W@std@@V?$allocator@_W@2@@std@@@Z) already defined in cst.lib(xml_dom.obj); second definition ignored
tts.synth.lib(xml_dom.obj) : warning LNK4006: "public: static void __cdecl cst::xml::CXMLText::encodeEscapes(class std::basic_string<wchar_t,struct std::char_traits<wchar_t>,class std::allocator<wchar_t> > &)" (?encodeEscapes@CXMLText@xml@cst@@SAXAEAV?$basic_string@_WU?$char_traits@_W@std@@V?$allocator@_W@2@@std@@@Z) already defined in cst.lib(xml_dom.obj); second definition ignored
tts.synth.lib(xml_dom.obj) : warning LNK4006: "public: virtual bool __cdecl cst::xml::CXMLText::print(class std::basic_ostream<wchar_t,struct std::char_traits<wchar_t> > &,int)const " (?print@CXMLText@xml@cst@@UEBA_NAEAV?$basic_ostream@_WU?$char_traits@_W@std@@@std@@H@Z) already defined in cst.lib(xml_dom.obj); second definition ignored
tts.synth.lib(xml_dom.obj) : warning LNK4006: "public: virtual bool __cdecl cst::xml::CXMLUnknown::print(class std::basic_ostream<wchar_t,struct std::char_traits<wchar_t> > &,int)const " (?print@CXMLUnknown@xml@cst@@UEBA_NAEAV?$basic_ostream@_WU?$char_traits@_W@std@@@std@@H@Z) already defined in cst.lib(xml_dom.obj); second definition ignored
tts.synth.lib(xml_dom.obj) : warning LNK4006: "public: virtual bool __cdecl cst::xml::CXMLComment::print(class std::basic_ostream<wchar_t,struct std::char_traits<wchar_t> > &,int)const " (?print@CXMLComment@xml@cst@@UEBA_NAEAV?$basic_ostream@_WU?$char_traits@_W@std@@@std@@H@Z) already defined in cst.lib(xml_dom.obj); second definition ignored
tts.synth.lib(xml_dom.obj) : warning LNK4006: "public: virtual bool __cdecl cst::xml::CXMLDeclaration::print(class std::basic_ostream<wchar_t,struct std::char_traits<wchar_t> > &,int)const " (?print@CXMLDeclaration@xml@cst@@UEBA_NAEAV?$basic_ostream@_WU?$char_traits@_W@std@@@std@@H@Z) already defined in cst.lib(xml_dom.obj); second definition ignored
tts.synth.lib(xml_dom.obj) : warning LNK4006: "public: class cst::xml::CXMLNode * __cdecl cst::xml::CXMLNode::setAsLastChild(void)" (?setAsLastChild@CXMLNode@xml@cst@@QEAAPEAV123@XZ) already defined in cst.lib(xml_dom.obj); second definition ignored
tts.synth.lib(xml_dom.obj) : warning LNK4006: "public: virtual bool __cdecl cst::xml::CXMLNode::isCertainElement(class std::basic_string<wchar_t,struct std::char_traits<wchar_t>,class std::allocator<wchar_t> >)const " (?isCertainElement@CXMLNode@xml@cst@@UEBA_NV?$basic_string@_WU?$char_traits@_W@std@@V?$allocator@_W@2@@std@@@Z) already defined in cst.lib(xml_dom.obj); second definition ignored
tts.synth.lib(xml_dom.obj) : warning LNK4006: "public: void __cdecl cst::xml::CXMLNode::insertAsParent(class cst::xml::CXMLNode *)" (?insertAsParent@CXMLNode@xml@cst@@QEAAXPEAV123@@Z) already defined in cst.lib(xml_dom.obj); second definition ignored
tts.synth.lib(xml_dom.obj) : warning LNK4006: "public: void __cdecl cst::xml::CXMLNode::insertAfter(class cst::xml::CXMLNode *)" (?insertAfter@CXMLNode@xml@cst@@QEAAXPEAV123@@Z) already defined in cst.lib(xml_dom.obj); second definition ignored
tts.synth.lib(xml_dom.obj) : warning LNK4006: "public: void __cdecl cst::xml::CXMLNode::insertBefore(class cst::xml::CXMLNode *)" (?insertBefore@CXMLNode@xml@cst@@QEAAXPEAV123@@Z) already defined in cst.lib(xml_dom.obj); second definition ignored
tts.synth.lib(xml_dom.obj) : warning LNK4006: "public: static void __cdecl cst::xml::CXMLNode::remove(class cst::xml::CXMLNode *)" (?remove@CXMLNode@xml@cst@@SAXPEAV123@@Z) already defined in cst.lib(xml_dom.obj); second definition ignored
tts.synth.lib(xml_dom.obj) : warning LNK4006: "public: void __cdecl cst::xml::CXMLNode::unlink(void)" (?unlink@CXMLNode@xml@cst@@QEAAXXZ) already defined in cst.lib(xml_dom.obj); second definition ignored
tts.synth.lib(xml_dom.obj) : warning LNK4006: "public: class cst::xml::CXMLNode * __cdecl cst::xml::CXMLNode::prevSibling(class std::basic_string<wchar_t,struct std::char_traits<wchar_t>,class std::allocator<wchar_t> > const &,enum cst::xml::CXMLNode::ENodeType)const " (?prevSibling@CXMLNode@xml@cst@@QEBAPEAV123@AEBV?$basic_string@_WU?$char_traits@_W@std@@V?$allocator@_W@2@@std@@W4ENodeType@123@@Z) already defined in cst.lib(xml_dom.obj); second definition ignored
tts.synth.lib(xml_dom.obj) : warning LNK4006: "public: class cst::xml::CXMLNode * __cdecl cst::xml::CXMLNode::prevSibling(class std::basic_string<wchar_t,struct std::char_traits<wchar_t>,class std::allocator<wchar_t> > const &)const " (?prevSibling@CXMLNode@xml@cst@@QEBAPEAV123@AEBV?$basic_string@_WU?$char_traits@_W@std@@V?$allocator@_W@2@@std@@@Z) already defined in cst.lib(xml_dom.obj); second definition ignored
tts.synth.lib(xml_dom.obj) : warning LNK4006: "public: class cst::xml::CXMLNode * __cdecl cst::xml::CXMLNode::prevNode(enum cst::xml::CXMLNode::ENodeType,class std::basic_string<wchar_t,struct std::char_traits<wchar_t>,class std::allocator<wchar_t> > const &,class cst::xml::CXMLNode *)const " (?prevNode@CXMLNode@xml@cst@@QEBAPEAV123@W4ENodeType@123@AEBV?$basic_string@_WU?$char_traits@_W@std@@V?$allocator@_W@2@@std@@PEAV123@@Z) already defined in cst.lib(xml_dom.obj); second definition ignored
tts.synth.lib(xml_dom.obj) : warning LNK4006: "public: class cst::xml::CXMLNode * __cdecl cst::xml::CXMLNode::nextNode(enum cst::xml::CXMLNode::ENodeType,class std::basic_string<wchar_t,struct std::char_traits<wchar_t>,class std::allocator<wchar_t> > const &,class cst::xml::CXMLNode *,bool,bool)const " (?nextNode@CXMLNode@xml@cst@@QEBAPEAV123@W4ENodeType@123@AEBV?$basic_string@_WU?$char_traits@_W@std@@V?$allocator@_W@2@@std@@PEAV123@_N3@Z) already defined in cst.lib(xml_dom.obj); second definition ignored
tts.synth.lib(xml_dom.obj) : warning LNK4006: "public: class cst::xml::CXMLNode * __cdecl cst::xml::CXMLNode::nextSibling(enum cst::xml::CXMLNode::ENodeType)const " (?nextSibling@CXMLNode@xml@cst@@QEBAPEAV123@W4ENodeType@123@@Z) already defined in cst.lib(xml_dom.obj); second definition ignored
tts.synth.lib(xml_dom.obj) : warning LNK4006: "public: class cst::xml::CXMLNode * __cdecl cst::xml::CXMLNode::nextSibling(class std::basic_string<wchar_t,struct std::char_traits<wchar_t>,class std::allocator<wchar_t> > const &,enum cst::xml::CXMLNode::ENodeType)const " (?nextSibling@CXMLNode@xml@cst@@QEBAPEAV123@AEBV?$basic_string@_WU?$char_traits@_W@std@@V?$allocator@_W@2@@std@@W4ENodeType@123@@Z) already defined in cst.lib(xml_dom.obj); second definition ignored
tts.synth.lib(xml_dom.obj) : warning LNK4006: "public: class cst::xml::CXMLNode * __cdecl cst::xml::CXMLNode::nextSibling(class std::basic_string<wchar_t,struct std::char_traits<wchar_t>,class std::allocator<wchar_t> > const &)const " (?nextSibling@CXMLNode@xml@cst@@QEBAPEAV123@AEBV?$basic_string@_WU?$char_traits@_W@std@@V?$allocator@_W@2@@std@@@Z) already defined in cst.lib(xml_dom.obj); second definition ignored
tts.synth.lib(xml_dom.obj) : warning LNK4006: "public: class cst::xml::CXMLNode * __cdecl cst::xml::CXMLNode::lastChild(class std::basic_string<wchar_t,struct std::char_traits<wchar_t>,class std::allocator<wchar_t> > const &)const " (?lastChild@CXMLNode@xml@cst@@QEBAPEAV123@AEBV?$basic_string@_WU?$char_traits@_W@std@@V?$allocator@_W@2@@std@@@Z) already defined in cst.lib(xml_dom.obj); second definition ignored
tts.synth.lib(xml_dom.obj) : warning LNK4006: "public: class cst::xml::CXMLNode * __cdecl cst::xml::CXMLNode::firstChild(enum cst::xml::CXMLNode::ENodeType)const " (?firstChild@CXMLNode@xml@cst@@QEBAPEAV123@W4ENodeType@123@@Z) already defined in cst.lib(xml_dom.obj); second definition ignored
tts.synth.lib(xml_dom.obj) : warning LNK4006: "public: class cst::xml::CXMLNode * __cdecl cst::xml::CXMLNode::firstChild(class std::basic_string<wchar_t,struct std::char_traits<wchar_t>,class std::allocator<wchar_t> > const &,enum cst::xml::CXMLNode::ENodeType)const " (?firstChild@CXMLNode@xml@cst@@QEBAPEAV123@AEBV?$basic_string@_WU?$char_traits@_W@std@@V?$allocator@_W@2@@std@@W4ENodeType@123@@Z) already defined in cst.lib(xml_dom.obj); second definition ignored
tts.synth.lib(xml_dom.obj) : warning LNK4006: "public: class cst::xml::CXMLNode * __cdecl cst::xml::CXMLNode::firstChild(class std::basic_string<wchar_t,struct std::char_traits<wchar_t>,class std::allocator<wchar_t> > const &)const " (?firstChild@CXMLNode@xml@cst@@QEBAPEAV123@AEBV?$basic_string@_WU?$char_traits@_W@std@@V?$allocator@_W@2@@std@@@Z) already defined in cst.lib(xml_dom.obj); second definition ignored
tts.synth.lib(xml_dom.obj) : warning LNK4006: "public: class cst::xml::CXMLNode * __cdecl cst::xml::CXMLNode::linkFirstChild(class cst::xml::CXMLNode *)" (?linkFirstChild@CXMLNode@xml@cst@@QEAAPEAV123@PEAV123@@Z) already defined in cst.lib(xml_dom.obj); second definition ignored
tts.synth.lib(xml_dom.obj) : warning LNK4006: "public: class cst::xml::CXMLNode * __cdecl cst::xml::CXMLNode::linkLastChild(class cst::xml::CXMLNode *)" (?linkLastChild@CXMLNode@xml@cst@@QEAAPEAV123@PEAV123@@Z) already defined in cst.lib(xml_dom.obj); second definition ignored
tts.synth.lib(xml_dom.obj) : warning LNK4006: "public: void __cdecl cst::xml::CXMLNode::clearChildren(void)" (?clearChildren@CXMLNode@xml@cst@@QEAAXXZ) already defined in cst.lib(xml_dom.obj); second definition ignored
tts.synth.lib(xml_dom.obj) : warning LNK4006: "protected: virtual void __cdecl cst::xml::CXMLDOMHandler::error(wchar_t const *,unsigned __int64)" (?error@CXMLDOMHandler@xml@cst@@MEAAXPEB_W_K@Z) already defined in cst.lib(xml_dom.obj); second definition ignored
tts.synth.lib(xml_dom.obj) : warning LNK4006: "protected: virtual bool __cdecl cst::xml::CXMLDOMHandler::unknownTag(wchar_t const *)" (?unknownTag@CXMLDOMHandler@xml@cst@@MEAA_NPEB_W@Z) already defined in cst.lib(xml_dom.obj); second definition ignored
tts.synth.lib(xml_dom.obj) : warning LNK4006: "protected: virtual bool __cdecl cst::xml::CXMLDOMHandler::declaration(wchar_t const *,wchar_t const *,wchar_t const *)" (?declaration@CXMLDOMHandler@xml@cst@@MEAA_NPEB_W00@Z) already defined in cst.lib(xml_dom.obj); second definition ignored
tts.synth.lib(xml_dom.obj) : warning LNK4006: "protected: virtual bool __cdecl cst::xml::CXMLDOMHandler::comment(wchar_t const *)" (?comment@CXMLDOMHandler@xml@cst@@MEAA_NPEB_W@Z) already defined in cst.lib(xml_dom.obj); second definition ignored
tts.synth.lib(xml_dom.obj) : warning LNK4006: "protected: virtual bool __cdecl cst::xml::CXMLDOMHandler::characters(wchar_t const *)" (?characters@CXMLDOMHandler@xml@cst@@MEAA_NPEB_W@Z) already defined in cst.lib(xml_dom.obj); second definition ignored
tts.synth.lib(xml_dom.obj) : warning LNK4006: "protected: virtual bool __cdecl cst::xml::CXMLDOMHandler::endElement(wchar_t const *)" (?endElement@CXMLDOMHandler@xml@cst@@MEAA_NPEB_W@Z) already defined in cst.lib(xml_dom.obj); second definition ignored
tts.synth.lib(xml_dom.obj) : warning LNK4006: "protected: virtual bool __cdecl cst::xml::CXMLDOMHandler::startElement(wchar_t const *,wchar_t const * *,unsigned __int64)" (?startElement@CXMLDOMHandler@xml@cst@@MEAA_NPEB_WPEAPEB_W_K@Z) already defined in cst.lib(xml_dom.obj); second definition ignored
tts.synth.lib(xml_dom.obj) : warning LNK4006: "protected: virtual bool __cdecl cst::xml::CXMLDOMHandler::endDocument(void)" (?endDocument@CXMLDOMHandler@xml@cst@@MEAA_NXZ) already defined in cst.lib(xml_dom.obj); second definition ignored
tts.synth.lib(xml_dom.obj) : warning LNK4006: "protected: virtual bool __cdecl cst::xml::CXMLDOMHandler::startDocument(void)" (?startDocument@CXMLDOMHandler@xml@cst@@MEAA_NXZ) already defined in cst.lib(xml_dom.obj); second definition ignored
tts.synth.lib(xml_dom.obj) : warning LNK4006: "public: virtual __cdecl cst::xml::CXMLDOMHandler::~CXMLDOMHandler(void)" (??1CXMLDOMHandler@xml@cst@@UEAA@XZ) already defined in cst.lib(xml_dom.obj); second definition ignored
tts.synth.lib(xml_dom.obj) : warning LNK4006: "public: __cdecl cst::xml::CXMLDOMHandler::CXMLDOMHandler(class cst::xml::CXMLDocument *)" (??0CXMLDOMHandler@xml@cst@@QEAA@PEAVCXMLDocument@12@@Z) already defined in cst.lib(xml_dom.obj); second definition ignored
tts.synth.lib(ssml_traversal.obj) : warning LNK4006: "protected: virtual int __cdecl cst::xml::CSSMLTraversal::postProcessNode(class cst::xml::CXMLNode *)" (?postProcessNode@CSSMLTraversal@xml@cst@@MEAAHPEAVCXMLNode@23@@Z) already defined in cst.lib(ssml_traversal.obj); second definition ignored
tts.synth.lib(ssml_traversal.obj) : warning LNK4006: "protected: virtual int __cdecl cst::xml::CSSMLTraversal::processNode(class cst::xml::CXMLNode *,bool &)" (?processNode@CSSMLTraversal@xml@cst@@MEAAHPEAVCXMLNode@23@AEA_N@Z) already defined in cst.lib(ssml_traversal.obj); second definition ignored
tts.synth.lib(ssml_traversal.obj) : warning LNK4006: "public: virtual int __cdecl cst::xml::CSSMLTraversal::traverse(class cst::xml::CSSMLDocument *)" (?traverse@CSSMLTraversal@xml@cst@@UEAAHPEAVCSSMLDocument@23@@Z) already defined in cst.lib(ssml_traversal.obj); second definition ignored
tts.synth.lib(ssml_helper.obj) : warning LNK4006: "public: static void __cdecl cst::xml::CSSMLHelper::setBoundaryType(class cst::xml::CXMLElement *,int)" (?setBoundaryType@CSSMLHelper@xml@cst@@SAXPEAVCXMLElement@23@H@Z) already defined in cst.lib(ssml_helper.obj); second definition ignored
tts.synth.lib(ssml_helper.obj) : warning LNK4006: "public: static int __cdecl cst::xml::CSSMLHelper::getBoundaryType(class cst::xml::CXMLElement const *)" (?getBoundaryType@CSSMLHelper@xml@cst@@SAHPEBVCXMLElement@23@@Z) already defined in cst.lib(ssml_helper.obj); second definition ignored
tts.synth.lib(ssml_helper.obj) : warning LNK4006: "public: static float __cdecl cst::xml::CSSMLHelper::parsePitch(class std::basic_string<wchar_t,struct std::char_traits<wchar_t>,class std::allocator<wchar_t> > const &)" (?parsePitch@CSSMLHelper@xml@cst@@SAMAEBV?$basic_string@_WU?$char_traits@_W@std@@V?$allocator@_W@2@@std@@@Z) already defined in cst.lib(ssml_helper.obj); second definition ignored
tts.synth.lib(ssml_helper.obj) : warning LNK4006: "public: static float __cdecl cst::xml::CSSMLHelper::parseRate(class std::basic_string<wchar_t,struct std::char_traits<wchar_t>,class std::allocator<wchar_t> > const &)" (?parseRate@CSSMLHelper@xml@cst@@SAMAEBV?$basic_string@_WU?$char_traits@_W@std@@V?$allocator@_W@2@@std@@@Z) already defined in cst.lib(ssml_helper.obj); second definition ignored
tts.synth.lib(ssml_helper.obj) : warning LNK4006: "public: static float __cdecl cst::xml::CSSMLHelper::parseVolume(class std::basic_string<wchar_t,struct std::char_traits<wchar_t>,class std::allocator<wchar_t> > const &)" (?parseVolume@CSSMLHelper@xml@cst@@SAMAEBV?$basic_string@_WU?$char_traits@_W@std@@V?$allocator@_W@2@@std@@@Z) already defined in cst.lib(ssml_helper.obj); second definition ignored
tts.synth.lib(ssml_helper.obj) : warning LNK4006: "public: static int __cdecl cst::xml::CSSMLHelper::parseUnitID(class std::basic_string<wchar_t,struct std::char_traits<wchar_t>,class std::allocator<wchar_t> > const &,class std::basic_string<wchar_t,struct std::char_traits<wchar_t>,class std::allocator<wchar_t> > &)" (?parseUnitID@CSSMLHelper@xml@cst@@SAHAEBV?$basic_string@_WU?$char_traits@_W@std@@V?$allocator@_W@2@@std@@AEAV45@@Z) already defined in cst.lib(ssml_helper.obj); second definition ignored
tts.synth.lib(ssml_helper.obj) : warning LNK4006: "public: static class std::vector<float,class std::allocator<float> > __cdecl cst::xml::CSSMLHelper::parseFrequencyList(class std::basic_string<wchar_t,struct std::char_traits<wchar_t>,class std::allocator<wchar_t> > const &)" (?parseFrequencyList@CSSMLHelper@xml@cst@@SA?AV?$vector@MV?$allocator@M@std@@@std@@AEBV?$basic_string@_WU?$char_traits@_W@std@@V?$allocator@_W@2@@5@@Z) already defined in cst.lib(ssml_helper.obj); second definition ignored
tts.synth.lib(ssml_helper.obj) : warning LNK4006: "public: static float __cdecl cst::xml::CSSMLHelper::parseFrequency(class std::basic_string<wchar_t,struct std::char_traits<wchar_t>,class std::allocator<wchar_t> > const &)" (?parseFrequency@CSSMLHelper@xml@cst@@SAMAEBV?$basic_string@_WU?$char_traits@_W@std@@V?$allocator@_W@2@@std@@@Z) already defined in cst.lib(ssml_helper.obj); second definition ignored
tts.synth.lib(ssml_helper.obj) : warning LNK4006: "public: static float __cdecl cst::xml::CSSMLHelper::parseTime(class std::basic_string<wchar_t,struct std::char_traits<wchar_t>,class std::allocator<wchar_t> > const &)" (?parseTime@CSSMLHelper@xml@cst@@SAMAEBV?$basic_string@_WU?$char_traits@_W@std@@V?$allocator@_W@2@@std@@@Z) already defined in cst.lib(ssml_helper.obj); second definition ignored
tts.synth.lib(ssml_helper.obj) : warning LNK4006: "public: static float __cdecl cst::xml::CSSMLHelper::parseFloatNumber(class std::basic_string<wchar_t,struct std::char_traits<wchar_t>,class std::allocator<wchar_t> > const &)" (?parseFloatNumber@CSSMLHelper@xml@cst@@SAMAEBV?$basic_string@_WU?$char_traits@_W@std@@V?$allocator@_W@2@@std@@@Z) already defined in cst.lib(ssml_helper.obj); second definition ignored
tts.synth.lib(ssml_helper.obj) : warning LNK4006: "public: static int __cdecl cst::xml::CSSMLHelper::composeString(class std::basic_string<wchar_t,struct std::char_traits<wchar_t>,class std::allocator<wchar_t> > &,wchar_t const *,...)" (?composeString@CSSMLHelper@xml@cst@@SAHAEAV?$basic_string@_WU?$char_traits@_W@std@@V?$allocator@_W@2@@std@@PEB_WZZ) already defined in cst.lib(ssml_helper.obj); second definition ignored
tts.synth.lib(ssml_document.obj) : warning LNK4006: "public: static float __cdecl cst::xml::CSSMLDocument::parseTime(class std::basic_string<wchar_t,struct std::char_traits<wchar_t>,class std::allocator<wchar_t> > const &)" (?parseTime@CSSMLDocument@xml@cst@@SAMAEBV?$basic_string@_WU?$char_traits@_W@std@@V?$allocator@_W@2@@std@@@Z) already defined in cst.lib(ssml_document.obj); second definition ignored
tts.synth.lib(ssml_document.obj) : warning LNK4006: "protected: void __cdecl cst::xml::CSSMLDocument::setProsodyBoundary(class cst::xml::CXMLElement *,int)" (?setProsodyBoundary@CSSMLDocument@xml@cst@@IEAAXPEAVCXMLElement@23@H@Z) already defined in cst.lib(ssml_document.obj); second definition ignored
tts.synth.lib(ssml_document.obj) : warning LNK4006: "public: void __cdecl cst::xml::CSSMLDocument::clearProsodyBoundary(class cst::xml::CXMLElement *)" (?clearProsodyBoundary@CSSMLDocument@xml@cst@@QEAAXPEAVCXMLElement@23@@Z) already defined in cst.lib(ssml_document.obj); second definition ignored
tts.synth.lib(ssml_document.obj) : warning LNK4006: "public: static int __cdecl cst::xml::CSSMLDocument::getProsodyBoundary(class cst::xml::CXMLElement *)" (?getProsodyBoundary@CSSMLDocument@xml@cst@@SAHPEAVCXMLElement@23@@Z) already defined in cst.lib(ssml_document.obj); second definition ignored
tts.synth.lib(ssml_document.obj) : warning LNK4006: "protected: static int __cdecl cst::xml::CSSMLDocument::getBoundaryType(class cst::xml::CXMLElement *)" (?getBoundaryType@CSSMLDocument@xml@cst@@KAHPEAVCXMLElement@23@@Z) already defined in cst.lib(ssml_document.obj); second definition ignored
tts.synth.lib(ssml_document.obj) : warning LNK4006: "public: static class cst::xml::CXMLElement * __cdecl cst::xml::CSSMLDocument::findProsodyBoundaryElemenet(class cst::xml::CXMLElement *)" (?findProsodyBoundaryElemenet@CSSMLDocument@xml@cst@@SAPEAVCXMLElement@23@PEAV423@@Z) already defined in cst.lib(ssml_document.obj); second definition ignored
tts.synth.lib(ssml_document.obj) : warning LNK4006: "public: static class std::basic_string<wchar_t,struct std::char_traits<wchar_t>,class std::allocator<wchar_t> > const & __cdecl cst::xml::CSSMLDocument::getWordContent(class cst::xml::CXMLElement const *)" (?getWordContent@CSSMLDocument@xml@cst@@SAAEBV?$basic_string@_WU?$char_traits@_W@std@@V?$allocator@_W@2@@std@@PEBVCXMLElement@23@@Z) already defined in cst.lib(ssml_document.obj); second definition ignored
tts.synth.lib(ssml_document.obj) : warning LNK4006: "public: class std::basic_string<wchar_t,struct std::char_traits<wchar_t>,class std::allocator<wchar_t> > const & __cdecl cst::xml::CSSMLDocument::getWordPOS(class cst::xml::CXMLNode const *)" (?getWordPOS@CSSMLDocument@xml@cst@@QEAAAEBV?$basic_string@_WU?$char_traits@_W@std@@V?$allocator@_W@2@@std@@PEBVCXMLNode@23@@Z) already defined in cst.lib(ssml_document.obj); second definition ignored
tts.synth.lib(ssml_document.obj) : warning LNK4006: "public: class cst::xml::CXMLElement * __cdecl cst::xml::CSSMLDocument::findFirstWord(class cst::xml::CXMLNode const *)" (?findFirstWord@CSSMLDocument@xml@cst@@QEAAPEAVCXMLElement@23@PEBVCXMLNode@23@@Z) already defined in cst.lib(ssml_document.obj); second definition ignored
tts.synth.lib(ssml_document.obj) : warning LNK4006: "public: class cst::xml::CXMLNode * __cdecl cst::xml::CSSMLDocument::findPrevWord(class cst::xml::CXMLNode const *)" (?findPrevWord@CSSMLDocument@xml@cst@@QEAAPEAVCXMLNode@23@PEBV423@@Z) already defined in cst.lib(ssml_document.obj); second definition ignored
tts.synth.lib(ssml_document.obj) : warning LNK4006: "public: class cst::xml::CXMLNode * __cdecl cst::xml::CSSMLDocument::findNextWord(class cst::xml::CXMLNode const *)" (?findNextWord@CSSMLDocument@xml@cst@@QEAAPEAVCXMLNode@23@PEBV423@@Z) already defined in cst.lib(ssml_document.obj); second definition ignored
tts.synth.lib(ssml_document.obj) : warning LNK4006: "public: bool __cdecl cst::xml::CSSMLDocument::parse(wchar_t const *)" (?parse@CSSMLDocument@xml@cst@@QEAA_NPEB_W@Z) already defined in cst.lib(ssml_document.obj); second definition ignored
tts.synth.lib(utl_wagontree.obj) : warning LNK4006: "private: static class std::basic_string<wchar_t,struct std::char_traits<wchar_t>,class std::allocator<wchar_t> > * cst::Wagon::QuestionEvaluator::m_strOP" (?m_strOP@QuestionEvaluator@Wagon@cst@@0PAV?$basic_string@_WU?$char_traits@_W@std@@V?$allocator@_W@2@@std@@A) already defined in cst.lib(utl_wagontree.obj); second definition ignored
tts.synth.lib(utl_wagontree.obj) : warning LNK4006: "public: bool __cdecl cst::Wagon::CWagonTree::loadFromText(class std::basic_istream<wchar_t,struct std::char_traits<wchar_t> > &)" (?loadFromText@CWagonTree@Wagon@cst@@QEAA_NAEAV?$basic_istream@_WU?$char_traits@_W@std@@@std@@@Z) already defined in cst.lib(utl_wagontree.obj); second definition ignored
tts.synth.lib(utl_wagontree.obj) : warning LNK4006: "private: static wchar_t __cdecl cst::Wagon::CWagonTree::nextCh(class std::basic_istream<wchar_t,struct std::char_traits<wchar_t> > &,bool)" (?nextCh@CWagonTree@Wagon@cst@@CA_WAEAV?$basic_istream@_WU?$char_traits@_W@std@@@std@@_N@Z) already defined in cst.lib(utl_wagontree.obj); second definition ignored
tts.synth.lib(utl_wagontree.obj) : warning LNK4006: "public: class std::vector<struct std::pair<class std::basic_string<wchar_t,struct std::char_traits<wchar_t>,class std::allocator<wchar_t> >,float>,class std::allocator<struct std::pair<class std::basic_string<wchar_t,struct std::char_traits<wchar_t>,class std::allocator<wchar_t> >,float> > > const & __cdecl cst::Wagon::CWagonTree::predict(class std::map<class std::basic_string<wchar_t,struct std::char_traits<wchar_t>,class std::allocator<wchar_t> >,class cst::Wagon::TestProperty,struct std::less<class std::basic_string<wchar_t,struct std::char_traits<wchar_t>,class std::allocator<wchar_t> > >,class std::allocator<struct std::pair<class std::basic_string<wchar_t,struct std::char_traits<wchar_t>,class std::allocator<wchar_t> > const ,class cst::Wagon::TestProperty> > > const &,class std::basic_string<wchar_t,struct std::char_traits<wchar_t>,class std::allocator<wchar_t> > &)" (?predict@CWagonTree@Wagon@cst@@QEAAAEBV?$vector@U?$pair@V?$basic_string@_WU?$char_traits@_W@std@@V?$allocator@_W@2@@std@@M@std@@V?$allocator@U?$pair@V?$basic_string@_WU?$char_traits@_W@std@@V?$allocator@_W@2@@std@@M@std@@@2@@std@@AEBV?$map@V?$basic_string@_WU?$char_traits@_W@std@@V?$allocator@_W@2@@std@@VTestProperty@Wagon@cst@@U?$less@V?$basic_string@_WU?$char_traits@_W@std@@V?$allocator@_W@2@@std@@@2@V?$allocator@U?$pair@$$CBV?$basic_string@_WU?$char_traits@_W@std@@V?$allocator@_W@2@@std@@VTestProperty@Wagon@cst@@@std@@@2@@5@AEAV?$basic_string@_WU?$char_traits@_W@std@@V?$allocator@_W@2@@5@@Z) already defined in cst.lib(utl_wagontree.obj); second definition ignored
tts.synth.lib(utl_wagontree.obj) : warning LNK4006: "public: virtual class std::vector<struct std::pair<class std::basic_string<wchar_t,struct std::char_traits<wchar_t>,class std::allocator<wchar_t> >,float>,class std::allocator<struct std::pair<class std::basic_string<wchar_t,struct std::char_traits<wchar_t>,class std::allocator<wchar_t> >,float> > > const & __cdecl cst::Wagon::CWagonNodeQuestion::predict(class std::map<class std::basic_string<wchar_t,struct std::char_traits<wchar_t>,class std::allocator<wchar_t> >,class cst::Wagon::TestProperty,struct std::less<class std::basic_string<wchar_t,struct std::char_traits<wchar_t>,class std::allocator<wchar_t> > >,class std::allocator<struct std::pair<class std::basic_string<wchar_t,struct std::char_traits<wchar_t>,class std::allocator<wchar_t> > const ,class cst::Wagon::TestProperty> > > const &,class std::basic_string<wchar_t,struct std::char_traits<wchar_t>,class std::allocator<wchar_t> > &)" (?predict@CWagonNodeQuestion@Wagon@cst@@UEAAAEBV?$vector@U?$pair@V?$basic_string@_WU?$char_traits@_W@std@@V?$allocator@_W@2@@std@@M@std@@V?$allocator@U?$pair@V?$basic_string@_WU?$char_traits@_W@std@@V?$allocator@_W@2@@std@@M@std@@@2@@std@@AEBV?$map@V?$basic_string@_WU?$char_traits@_W@std@@V?$allocator@_W@2@@std@@VTestProperty@Wagon@cst@@U?$less@V?$basic_string@_WU?$char_traits@_W@std@@V?$allocator@_W@2@@std@@@2@V?$allocator@U?$pair@$$CBV?$basic_string@_WU?$char_traits@_W@std@@V?$allocator@_W@2@@std@@VTestProperty@Wagon@cst@@@std@@@2@@5@AEAV?$basic_string@_WU?$char_traits@_W@std@@V?$allocator@_W@2@@5@@Z) already defined in cst.lib(utl_wagontree.obj); second definition ignored
tts.synth.lib(utl_wagontree.obj) : warning LNK4006: "public: bool __cdecl cst::Wagon::CWagonNodeQuestion::setChild(class cst::Wagon::CWagonNode *,int)" (?setChild@CWagonNodeQuestion@Wagon@cst@@QEAA_NPEAVCWagonNode@23@H@Z) already defined in cst.lib(utl_wagontree.obj); second definition ignored
tts.synth.lib(utl_wagontree.obj) : warning LNK4006: "public: __cdecl cst::Wagon::CWagonNodeQuestion::CWagonNodeQuestion(class std::basic_string<wchar_t,struct std::char_traits<wchar_t>,class std::allocator<wchar_t> > const &)" (??0CWagonNodeQuestion@Wagon@cst@@QEAA@AEBV?$basic_string@_WU?$char_traits@_W@std@@V?$allocator@_W@2@@std@@@Z) already defined in cst.lib(utl_wagontree.obj); second definition ignored
tts.synth.lib(utl_wagontree.obj) : warning LNK4006: "public: virtual class std::vector<struct std::pair<class std::basic_string<wchar_t,struct std::char_traits<wchar_t>,class std::allocator<wchar_t> >,float>,class std::allocator<struct std::pair<class std::basic_string<wchar_t,struct std::char_traits<wchar_t>,class std::allocator<wchar_t> >,float> > > const & __cdecl cst::Wagon::CWagonNodeLeaf::predict(class std::map<class std::basic_string<wchar_t,struct std::char_traits<wchar_t>,class std::allocator<wchar_t> >,class cst::Wagon::TestProperty,struct std::less<class std::basic_string<wchar_t,struct std::char_traits<wchar_t>,class std::allocator<wchar_t> > >,class std::allocator<struct std::pair<class std::basic_string<wchar_t,struct std::char_traits<wchar_t>,class std::allocator<wchar_t> > const ,class cst::Wagon::TestProperty> > > const &,class std::basic_string<wchar_t,struct std::char_traits<wchar_t>,class std::allocator<wchar_t> > &)" (?predict@CWagonNodeLeaf@Wagon@cst@@UEAAAEBV?$vector@U?$pair@V?$basic_string@_WU?$char_traits@_W@std@@V?$allocator@_W@2@@std@@M@std@@V?$allocator@U?$pair@V?$basic_string@_WU?$char_traits@_W@std@@V?$allocator@_W@2@@std@@M@std@@@2@@std@@AEBV?$map@V?$basic_string@_WU?$char_traits@_W@std@@V?$allocator@_W@2@@std@@VTestProperty@Wagon@cst@@U?$less@V?$basic_string@_WU?$char_traits@_W@std@@V?$allocator@_W@2@@std@@@2@V?$allocator@U?$pair@$$CBV?$basic_string@_WU?$char_traits@_W@std@@V?$allocator@_W@2@@std@@VTestProperty@Wagon@cst@@@std@@@2@@5@AEAV?$basic_string@_WU?$char_traits@_W@std@@V?$allocator@_W@2@@5@@Z) already defined in cst.lib(utl_wagontree.obj); second definition ignored
tts.synth.lib(utl_wagontree.obj) : warning LNK4006: "public: __cdecl cst::Wagon::CWagonNodeLeaf::CWagonNodeLeaf(class std::vector<struct std::pair<class std::basic_string<wchar_t,struct std::char_traits<wchar_t>,class std::allocator<wchar_t> >,class std::basic_string<wchar_t,struct std::char_traits<wchar_t>,class std::allocator<wchar_t> > >,class std::allocator<struct std::pair<class std::basic_string<wchar_t,struct std::char_traits<wchar_t>,class std::allocator<wchar_t> >,class std::basic_string<wchar_t,struct std::char_traits<wchar_t>,class std::allocator<wchar_t> > > > > const &,class std::basic_string<wchar_t,struct std::char_traits<wchar_t>,class std::allocator<wchar_t> > const &)" (??0CWagonNodeLeaf@Wagon@cst@@QEAA@AEBV?$vector@U?$pair@V?$basic_string@_WU?$char_traits@_W@std@@V?$allocator@_W@2@@std@@V12@@std@@V?$allocator@U?$pair@V?$basic_string@_WU?$char_traits@_W@std@@V?$allocator@_W@2@@std@@V12@@std@@@2@@std@@AEBV?$basic_string@_WU?$char_traits@_W@std@@V?$allocator@_W@2@@4@@Z) already defined in cst.lib(utl_wagontree.obj); second definition ignored
tts.synth.lib(utl_wagontree.obj) : warning LNK4006: "public: bool __cdecl cst::Wagon::QuestionEvaluator::ask(class std::map<class std::basic_string<wchar_t,struct std::char_traits<wchar_t>,class std::allocator<wchar_t> >,class cst::Wagon::TestProperty,struct std::less<class std::basic_string<wchar_t,struct std::char_traits<wchar_t>,class std::allocator<wchar_t> > >,class std::allocator<struct std::pair<class std::basic_string<wchar_t,struct std::char_traits<wchar_t>,class std::allocator<wchar_t> > const ,class cst::Wagon::TestProperty> > > const &)" (?ask@QuestionEvaluator@Wagon@cst@@QEAA_NAEBV?$map@V?$basic_string@_WU?$char_traits@_W@std@@V?$allocator@_W@2@@std@@VTestProperty@Wagon@cst@@U?$less@V?$basic_string@_WU?$char_traits@_W@std@@V?$allocator@_W@2@@std@@@2@V?$allocator@U?$pair@$$CBV?$basic_string@_WU?$char_traits@_W@std@@V?$allocator@_W@2@@std@@VTestProperty@Wagon@cst@@@std@@@2@@std@@@Z) already defined in cst.lib(utl_wagontree.obj); second definition ignored
tts.synth.lib(utl_wagontree.obj) : warning LNK4006: "public: __cdecl cst::Wagon::QuestionEvaluator::QuestionEvaluator(class std::basic_string<wchar_t,struct std::char_traits<wchar_t>,class std::allocator<wchar_t> > const &)" (??0QuestionEvaluator@Wagon@cst@@QEAA@AEBV?$basic_string@_WU?$char_traits@_W@std@@V?$allocator@_W@2@@std@@@Z) already defined in cst.lib(utl_wagontree.obj); second definition ignored
tts.synth.lib(utl_viterbi.obj) : warning LNK4006: "public: static double const cst::Viterbi::IVTDataSource::MAX_SCORE" (?MAX_SCORE@IVTDataSource@Viterbi@cst@@2NB) already defined in cst.lib(utl_viterbi.obj); second definition ignored
tts.synth.lib(utl_viterbi.obj) : warning LNK4006: "protected: unsigned int __cdecl cst::Viterbi::CViterbiDecoder::findBestEnd(class cst::Viterbi::CViterbiDecoder::CVTPath * *,unsigned int)const " (?findBestEnd@CViterbiDecoder@Viterbi@cst@@IEBAIPEAPEAVCVTPath@123@I@Z) already defined in cst.lib(utl_viterbi.obj); second definition ignored
tts.synth.lib(utl_viterbi.obj) : warning LNK4006: "public: unsigned int __cdecl cst::Viterbi::CViterbiDecoder::getResult(class cst::Viterbi::CVTList *,double *,unsigned int)const " (?getResult@CViterbiDecoder@Viterbi@cst@@QEBAIPEAVCVTList@23@PEANI@Z) already defined in cst.lib(utl_viterbi.obj); second definition ignored
tts.synth.lib(utl_viterbi.obj) : warning LNK4006: "protected: void __cdecl cst::Viterbi::CViterbiDecoder::addPath(class cst::Viterbi::CViterbiDecoder::CVTPoint *,class cst::Viterbi::CViterbiDecoder::CVTPath *)" (?addPath@CViterbiDecoder@Viterbi@cst@@IEAAXPEAVCVTPoint@123@PEAVCVTPath@123@@Z) already defined in cst.lib(utl_viterbi.obj); second definition ignored
tts.synth.lib(utl_viterbi.obj) : warning LNK4006: "protected: void __cdecl cst::Viterbi::CViterbiDecoder::addPaths(class cst::Viterbi::CViterbiDecoder::CVTPoint *,class cst::Viterbi::CViterbiDecoder::CVTPath *)" (?addPaths@CViterbiDecoder@Viterbi@cst@@IEAAXPEAVCVTPoint@123@PEAVCVTPath@123@@Z) already defined in cst.lib(utl_viterbi.obj); second definition ignored
tts.synth.lib(utl_viterbi.obj) : warning LNK4006: "public: void __cdecl cst::Viterbi::CViterbiDecoder::search(void)" (?search@CViterbiDecoder@Viterbi@cst@@QEAAXXZ) already defined in cst.lib(utl_viterbi.obj); second definition ignored
tts.synth.lib(utl_viterbi.obj) : warning LNK4006: "protected: void __cdecl cst::Viterbi::CViterbiDecoder::initDynamicStates(class cst::Viterbi::CViterbiDecoder::CVTPoint *,class cst::Viterbi::CVTCandidate *)" (?initDynamicStates@CViterbiDecoder@Viterbi@cst@@IEAAXPEAVCVTPoint@123@PEAVCVTCandidate@23@@Z) already defined in cst.lib(utl_viterbi.obj); second definition ignored
tts.synth.lib(utl_viterbi.obj) : warning LNK4006: "protected: void __cdecl cst::Viterbi::CViterbiDecoder::initPathsArray(class cst::Viterbi::CViterbiDecoder::CVTPoint *,unsigned int)" (?initPathsArray@CViterbiDecoder@Viterbi@cst@@IEAAXPEAVCVTPoint@123@I@Z) already defined in cst.lib(utl_viterbi.obj); second definition ignored
tts.synth.lib(utl_viterbi.obj) : warning LNK4006: "public: bool __cdecl cst::Viterbi::CViterbiDecoder::initialize(class cst::Viterbi::CVTList const &)" (?initialize@CViterbiDecoder@Viterbi@cst@@QEAA_NAEBVCVTList@23@@Z) already defined in cst.lib(utl_viterbi.obj); second definition ignored
tts.synth.lib(utl_viterbi.obj) : warning LNK4006: "public: __cdecl cst::Viterbi::CViterbiDecoder::~CViterbiDecoder(void)" (??1CViterbiDecoder@Viterbi@cst@@QEAA@XZ) already defined in cst.lib(utl_viterbi.obj); second definition ignored
tts.synth.lib(utl_viterbi.obj) : warning LNK4006: "public: class cst::Viterbi::CVTItem * __cdecl cst::Viterbi::CVTList::prepend(void)" (?prepend@CVTList@Viterbi@cst@@QEAAPEAVCVTItem@23@XZ) already defined in cst.lib(utl_viterbi.obj); second definition ignored
tts.synth.lib(utl_viterbi.obj) : warning LNK4006: "public: class cst::Viterbi::CVTItem * __cdecl cst::Viterbi::CVTList::append(void)" (?append@CVTList@Viterbi@cst@@QEAAPEAVCVTItem@23@XZ) already defined in cst.lib(utl_viterbi.obj); second definition ignored
tts.synth.lib(utl_viterbi.obj) : warning LNK4006: "public: void __cdecl cst::Viterbi::CVTList::clear(void)" (?clear@CVTList@Viterbi@cst@@QEAAXXZ) already defined in cst.lib(utl_viterbi.obj); second definition ignored
tts.synth.lib(utl_string.obj) : warning LNK4006: "unsigned __int64 __cdecl cst::str::mbstowcs(char const *,unsigned __int64,wchar_t *,unsigned __int64,enum cst::str::EEncoding)" (?mbstowcs@str@cst@@YA_KPEBD_KPEA_W1W4EEncoding@12@@Z) already defined in cst.lib(utl_string.obj); second definition ignored
tts.synth.lib(utl_string.obj) : warning LNK4006: "unsigned __int64 __cdecl cst::str::wcstombs(wchar_t const *,unsigned __int64,char *,unsigned __int64,enum cst::str::EEncoding)" (?wcstombs@str@cst@@YA_KPEB_W_KPEAD1W4EEncoding@12@@Z) already defined in cst.lib(utl_string.obj); second definition ignored
tts.synth.lib(utl_string.obj) : warning LNK4006: "bool __cdecl cst::str::is_utf8(char const *)" (?is_utf8@str@cst@@YA_NPEBD@Z) already defined in cst.lib(utl_string.obj); second definition ignored
tts.synth.lib(utl_string.obj) : warning LNK4006: "int __cdecl cst::str::utf8_strlen(char const *)" (?utf8_strlen@str@cst@@YAHPEBD@Z) already defined in cst.lib(utl_string.obj); second definition ignored
tts.synth.lib(utl_string.obj) : warning LNK4006: "int __cdecl cst::str::utf8_to_unicode(char const *,unsigned int *)" (?utf8_to_unicode@str@cst@@YAHPEBDPEAI@Z) already defined in cst.lib(utl_string.obj); second definition ignored
tts.synth.lib(utl_string.obj) : warning LNK4006: "wchar_t const * __cdecl cst::str::fetchCharacter(wchar_t const *,wchar_t *)" (?fetchCharacter@str@cst@@YAPEB_WPEB_WPEA_W@Z) already defined in cst.lib(utl_string.obj); second definition ignored
tts.synth.lib(utl_string.obj) : warning LNK4006: "class std::basic_string<wchar_t,struct std::char_traits<wchar_t>,class std::allocator<wchar_t> > __cdecl cst::str::mbstowcs(class std::basic_string<char,struct std::char_traits<char>,class std::allocator<char> > const &,enum cst::str::EEncoding)" (?mbstowcs@str@cst@@YA?AV?$basic_string@_WU?$char_traits@_W@std@@V?$allocator@_W@2@@std@@AEBV?$basic_string@DU?$char_traits@D@std@@V?$allocator@D@2@@4@W4EEncoding@12@@Z) already defined in cst.lib(utl_string.obj); second definition ignored
tts.synth.lib(utl_string.obj) : warning LNK4006: "class std::basic_string<char,struct std::char_traits<char>,class std::allocator<char> > __cdecl cst::str::wcstombs(class std::basic_string<wchar_t,struct std::char_traits<wchar_t>,class std::allocator<wchar_t> > const &,enum cst::str::EEncoding)" (?wcstombs@str@cst@@YA?AV?$basic_string@DU?$char_traits@D@std@@V?$allocator@D@2@@std@@AEBV?$basic_string@_WU?$char_traits@_W@std@@V?$allocator@_W@2@@4@W4EEncoding@12@@Z) already defined in cst.lib(utl_string.obj); second definition ignored
tts.synth.lib(utl_string.obj) : warning LNK4006: "class std::vector<class std::basic_string<wchar_t,struct std::char_traits<wchar_t>,class std::allocator<wchar_t> >,class std::allocator<class std::basic_string<wchar_t,struct std::char_traits<wchar_t>,class std::allocator<wchar_t> > > > & __cdecl cst::str::tokenize(class std::basic_string<wchar_t,struct std::char_traits<wchar_t>,class std::allocator<wchar_t> > const &,class std::basic_string<wchar_t,struct std::char_traits<wchar_t>,class std::allocator<wchar_t> > const &,class std::vector<class std::basic_string<wchar_t,struct std::char_traits<wchar_t>,class std::allocator<wchar_t> >,class std::allocator<class std::basic_string<wchar_t,struct std::char_traits<wchar_t>,class std::allocator<wchar_t> > > > &)" (?tokenize@str@cst@@YAAEAV?$vector@V?$basic_string@_WU?$char_traits@_W@std@@V?$allocator@_W@2@@std@@V?$allocator@V?$basic_string@_WU?$char_traits@_W@std@@V?$allocator@_W@2@@std@@@2@@std@@AEBV?$basic_string@_WU?$char_traits@_W@std@@V?$allocator@_W@2@@4@0AEAV34@@Z) already defined in cst.lib(utl_string.obj); second definition ignored
tts.synth.lib(utl_string.obj) : warning LNK4006: "class std::basic_string<wchar_t,struct std::char_traits<wchar_t>,class std::allocator<wchar_t> > __cdecl cst::str::format(wchar_t const *,...)" (?format@str@cst@@YA?AV?$basic_string@_WU?$char_traits@_W@std@@V?$allocator@_W@2@@std@@PEB_WZZ) already defined in cst.lib(utl_string.obj); second definition ignored
tts.synth.lib(utl_string.obj) : warning LNK4006: "unsigned __int64 __cdecl cst::str::findNonSpace(class std::basic_string<wchar_t,struct std::char_traits<wchar_t>,class std::allocator<wchar_t> > const &,unsigned __int64)" (?findNonSpace@str@cst@@YA_KAEBV?$basic_string@_WU?$char_traits@_W@std@@V?$allocator@_W@2@@std@@_K@Z) already defined in cst.lib(utl_string.obj); second definition ignored
tts.synth.lib(utl_string.obj) : warning LNK4006: "class std::basic_string<wchar_t,struct std::char_traits<wchar_t>,class std::allocator<wchar_t> > & __cdecl cst::str::tolower(class std::basic_string<wchar_t,struct std::char_traits<wchar_t>,class std::allocator<wchar_t> > &)" (?tolower@str@cst@@YAAEAV?$basic_string@_WU?$char_traits@_W@std@@V?$allocator@_W@2@@std@@AEAV34@@Z) already defined in cst.lib(utl_string.obj); second definition ignored
tts.synth.lib(utl_string.obj) : warning LNK4006: "class std::basic_string<wchar_t,struct std::char_traits<wchar_t>,class std::allocator<wchar_t> > & __cdecl cst::str::trim(class std::basic_string<wchar_t,struct std::char_traits<wchar_t>,class std::allocator<wchar_t> > &,class std::basic_string<wchar_t,struct std::char_traits<wchar_t>,class std::allocator<wchar_t> > const &)" (?trim@str@cst@@YAAEAV?$basic_string@_WU?$char_traits@_W@std@@V?$allocator@_W@2@@std@@AEAV34@AEBV34@@Z) already defined in cst.lib(utl_string.obj); second definition ignored
tts.synth.lib(utl_string.obj) : warning LNK4006: "class std::basic_string<wchar_t,struct std::char_traits<wchar_t>,class std::allocator<wchar_t> > & __cdecl cst::str::replace(class std::basic_string<wchar_t,struct std::char_traits<wchar_t>,class std::allocator<wchar_t> > &,class std::basic_string<wchar_t,struct std::char_traits<wchar_t>,class std::allocator<wchar_t> > const &,class std::basic_string<wchar_t,struct std::char_traits<wchar_t>,class std::allocator<wchar_t> > const &)" (?replace@str@cst@@YAAEAV?$basic_string@_WU?$char_traits@_W@std@@V?$allocator@_W@2@@std@@AEAV34@AEBV34@1@Z) already defined in cst.lib(utl_string.obj); second definition ignored
tts.synth.lib(utl_regexp.obj) : warning LNK4006: "public: int __cdecl cst::RegExp::regexp::sublength(int)const " (?sublength@regexp@RegExp@cst@@QEBAHH@Z) already defined in cst.lib(utl_regexp.obj); second definition ignored
tts.synth.lib(utl_regexp.obj) : warning LNK4006: "public: int __cdecl cst::RegExp::regexp::substart(int)const " (?substart@regexp@RegExp@cst@@QEBAHH@Z) already defined in cst.lib(utl_regexp.obj); second definition ignored
tts.synth.lib(utl_regexp.obj) : warning LNK4006: "public: int __cdecl cst::RegExp::regexp::substrings(void)const " (?substrings@regexp@RegExp@cst@@QEBAHXZ) already defined in cst.lib(utl_regexp.obj); second definition ignored
tts.synth.lib(utl_regexp.obj) : warning LNK4006: "public: bool __cdecl cst::RegExp::regexp::match(wchar_t const *)const " (?match@regexp@RegExp@cst@@QEBA_NPEB_W@Z) already defined in cst.lib(utl_regexp.obj); second definition ignored
tts.synth.lib(utl_regexp.obj) : warning LNK4006: "public: bool __cdecl cst::RegExp::regexp::compiled(void)const " (?compiled@regexp@RegExp@cst@@QEBA_NXZ) already defined in cst.lib(utl_regexp.obj); second definition ignored
tts.synth.lib(utl_regexp.obj) : warning LNK4006: "public: class cst::RegExp::regexp const & __cdecl cst::RegExp::regexp::operator=(class cst::RegExp::regexp const &)" (??4regexp@RegExp@cst@@QEAAAEBV012@AEBV012@@Z) already defined in cst.lib(utl_regexp.obj); second definition ignored
tts.synth.lib(utl_regexp.obj) : warning LNK4006: "public: __cdecl cst::RegExp::regexp::~regexp(void)" (??1regexp@RegExp@cst@@QEAA@XZ) already defined in cst.lib(utl_regexp.obj); second definition ignored
tts.synth.lib(utl_regexp.obj) : warning LNK4006: "public: __cdecl cst::RegExp::regexp::regexp(class cst::RegExp::regexp const &)" (??0regexp@RegExp@cst@@QEAA@AEBV012@@Z) already defined in cst.lib(utl_regexp.obj); second definition ignored
tts.synth.lib(utl_regexp.obj) : warning LNK4006: "public: __cdecl cst::RegExp::regexp::regexp(wchar_t const *,bool)" (??0regexp@RegExp@cst@@QEAA@PEB_W_N@Z) already defined in cst.lib(utl_regexp.obj); second definition ignored
tts.synth.lib(utl_regexp.obj) : warning LNK4006: "protected: bool __cdecl cst::RegExp::program::match(wchar_t const *)" (?match@program@RegExp@cst@@IEAA_NPEB_W@Z) already defined in cst.lib(utl_regexp.obj); second definition ignored
tts.synth.lib(utl_regexp.obj) : warning LNK4006: "protected: bool __cdecl cst::RegExp::program::compile(wchar_t const *)" (?compile@program@RegExp@cst@@IEAA_NPEB_W@Z) already defined in cst.lib(utl_regexp.obj); second definition ignored
tts.synth.lib(utl_regexp.obj) : warning LNK4006: "protected: void __cdecl cst::RegExp::program::igncase(wchar_t const *,wchar_t *)" (?igncase@program@RegExp@cst@@IEAAXPEB_WPEA_W@Z) already defined in cst.lib(utl_regexp.obj); second definition ignored
tts.synth.lib(utl_regexp.obj) : warning LNK4006: "protected: bool __cdecl cst::RegExp::program::clear(void)" (?clear@program@RegExp@cst@@IEAA_NXZ) already defined in cst.lib(utl_regexp.obj); second definition ignored
tts.synth.lib(utl_regexp.obj) : warning LNK4006: "public: __cdecl cst::RegExp::program::program(class cst::RegExp::program const &)" (??0program@RegExp@cst@@QEAA@AEBV012@@Z) already defined in cst.lib(utl_regexp.obj); second definition ignored
tts.synth.lib(utl_regexp.obj) : warning LNK4006: "public: __cdecl cst::RegExp::program::program(wchar_t const *,bool)" (??0program@RegExp@cst@@QEAA@PEB_W_N@Z) already defined in cst.lib(utl_regexp.obj); second definition ignored
tts.synth.lib(utl_regexp.obj) : warning LNK4006: "protected: unsigned __int64 __cdecl cst::RegExp::executor::repeat(wchar_t *)" (?repeat@executor@RegExp@cst@@IEAA_KPEA_W@Z) already defined in cst.lib(utl_regexp.obj); second definition ignored
tts.synth.lib(utl_regexp.obj) : warning LNK4006: "protected: bool __cdecl cst::RegExp::executor::match(wchar_t *)" (?match@executor@RegExp@cst@@IEAA_NPEA_W@Z) already defined in cst.lib(utl_regexp.obj); second definition ignored
tts.synth.lib(utl_regexp.obj) : warning LNK4006: "public: bool __cdecl cst::RegExp::executor::matchtry(wchar_t *)" (?matchtry@executor@RegExp@cst@@QEAA_NPEA_W@Z) already defined in cst.lib(utl_regexp.obj); second definition ignored
tts.synth.lib(utl_regexp.obj) : warning LNK4006: "public: __cdecl cst::RegExp::executor::executor(class cst::RegExp::program *,wchar_t const *)" (??0executor@RegExp@cst@@QEAA@PEAVprogram@12@PEB_W@Z) already defined in cst.lib(utl_regexp.obj); second definition ignored
tts.synth.lib(utl_regexp.obj) : warning LNK4006: "protected: virtual void __cdecl cst::RegExp::compiler::optail(wchar_t *,wchar_t *)" (?optail@compiler@RegExp@cst@@MEAAXPEA_W0@Z) already defined in cst.lib(utl_regexp.obj); second definition ignored
tts.synth.lib(utl_regexp.obj) : warning LNK4006: "protected: virtual void __cdecl cst::RegExp::compiler::tail(wchar_t *,wchar_t *)" (?tail@compiler@RegExp@cst@@MEAAXPEA_W0@Z) already defined in cst.lib(utl_regexp.obj); second definition ignored
tts.synth.lib(utl_regexp.obj) : warning LNK4006: "protected: virtual void __cdecl cst::RegExp::compiler::insert(wchar_t,wchar_t *)" (?insert@compiler@RegExp@cst@@MEAAX_WPEA_W@Z) already defined in cst.lib(utl_regexp.obj); second definition ignored
tts.synth.lib(utl_regexp.obj) : warning LNK4006: "protected: virtual wchar_t * __cdecl cst::RegExp::compiler::emitnode(int)" (?emitnode@compiler@RegExp@cst@@MEAAPEA_WH@Z) already defined in cst.lib(utl_regexp.obj); second definition ignored
tts.synth.lib(utl_regexp.obj) : warning LNK4006: "protected: virtual void __cdecl cst::RegExp::compiler::emitcode(int)" (?emitcode@compiler@RegExp@cst@@MEAAXH@Z) already defined in cst.lib(utl_regexp.obj); second definition ignored
tts.synth.lib(utl_regexp.obj) : warning LNK4006: "public: __cdecl cst::RegExp::compiler::compiler(wchar_t const *,wchar_t *)" (??0compiler@RegExp@cst@@QEAA@PEB_WPEA_W@Z) already defined in cst.lib(utl_regexp.obj); second definition ignored
tts.synth.lib(utl_regexp.obj) : warning LNK4006: "public: __cdecl cst::RegExp::validator::validator(wchar_t const *)" (??0validator@RegExp@cst@@QEAA@PEB_W@Z) already defined in cst.lib(utl_regexp.obj); second definition ignored
tts.synth.lib(utl_regexp.obj) : warning LNK4006: "protected: wchar_t * __cdecl cst::RegExp::compilerbase::atom(int &)" (?atom@compilerbase@RegExp@cst@@IEAAPEA_WAEAH@Z) already defined in cst.lib(utl_regexp.obj); second definition ignored
tts.synth.lib(utl_regexp.obj) : warning LNK4006: "protected: wchar_t * __cdecl cst::RegExp::compilerbase::piece(int &)" (?piece@compilerbase@RegExp@cst@@IEAAPEA_WAEAH@Z) already defined in cst.lib(utl_regexp.obj); second definition ignored
tts.synth.lib(utl_regexp.obj) : warning LNK4006: "protected: wchar_t * __cdecl cst::RegExp::compilerbase::branch(int &)" (?branch@compilerbase@RegExp@cst@@IEAAPEA_WAEAH@Z) already defined in cst.lib(utl_regexp.obj); second definition ignored
tts.synth.lib(utl_regexp.obj) : warning LNK4006: "public: wchar_t * __cdecl cst::RegExp::compilerbase::parse(bool,int &)" (?parse@compilerbase@RegExp@cst@@QEAAPEA_W_NAEAH@Z) already defined in cst.lib(utl_regexp.obj); second definition ignored
tts.synth.lib(utl_regexp.obj) : warning LNK4006: "public: __cdecl cst::RegExp::compilerbase::compilerbase(wchar_t const *)" (??0compilerbase@RegExp@cst@@QEAA@PEB_W@Z) already defined in cst.lib(utl_regexp.obj); second definition ignored
tts.synth.lib(utl_pinyin.obj) : warning LNK4006: "protected: static bool __cdecl cst::cmn::CPinyinConvert::formatPhonemeToSymbol(class std::basic_string<wchar_t,struct std::char_traits<wchar_t>,class std::allocator<wchar_t> > &)" (?formatPhonemeToSymbol@CPinyinConvert@cmn@cst@@KA_NAEAV?$basic_string@_WU?$char_traits@_W@std@@V?$allocator@_W@2@@std@@@Z) already defined in cst.lib(utl_pinyin.obj); second definition ignored
tts.synth.lib(utl_pinyin.obj) : warning LNK4006: "public: static bool __cdecl cst::cmn::CPinyinConvert::generatePhonemeOutput(class cst::xml::CSSMLDocument *,class std::basic_string<wchar_t,struct std::char_traits<wchar_t>,class std::allocator<wchar_t> > &,enum cst::cmn::CPinyinConvert::PHONEME_OUTPUT_FORMAT,class std::basic_string<wchar_t,struct std::char_traits<wchar_t>,class std::allocator<wchar_t> >)" (?generatePhonemeOutput@CPinyinConvert@cmn@cst@@SA_NPEAVCSSMLDocument@xml@3@AEAV?$basic_string@_WU?$char_traits@_W@std@@V?$allocator@_W@2@@std@@W4PHONEME_OUTPUT_FORMAT@123@V67@@Z) already defined in cst.lib(utl_pinyin.obj); second definition ignored
tts.synth.lib(utl_chineseconv.obj) : warning LNK4006: "public: virtual void __cdecl cst::cmn::CChineseConvert::toSimplified(class std::basic_string<wchar_t,struct std::char_traits<wchar_t>,class std::allocator<wchar_t> > &)const " (?toSimplified@CChineseConvert@cmn@cst@@UEBAXAEAV?$basic_string@_WU?$char_traits@_W@std@@V?$allocator@_W@2@@std@@@Z) already defined in cst.lib(utl_chineseconv.obj); second definition ignored
tts.synth.lib(utl_chineseconv.obj) : warning LNK4006: "public: virtual void __cdecl cst::cmn::CChineseConvert::toTraditional(class std::basic_string<wchar_t,struct std::char_traits<wchar_t>,class std::allocator<wchar_t> > &)const " (?toTraditional@CChineseConvert@cmn@cst@@UEBAXAEAV?$basic_string@_WU?$char_traits@_W@std@@V?$allocator@_W@2@@std@@@Z) already defined in cst.lib(utl_chineseconv.obj); second definition ignored
tts.synth.lib(utl_chineseconv.obj) : warning LNK4006: "protected: int __cdecl cst::cmn::CChineseConvert::findInTable(class std::basic_string<wchar_t,struct std::char_traits<wchar_t>,class std::allocator<wchar_t> > const &,wchar_t)const " (?findInTable@CChineseConvert@cmn@cst@@IEBAHAEBV?$basic_string@_WU?$char_traits@_W@std@@V?$allocator@_W@2@@std@@_W@Z) already defined in cst.lib(utl_chineseconv.obj); second definition ignored
tts.synth.lib(utl_chineseconv.obj) : warning LNK4006: "public: virtual bool __cdecl cst::cmn::CChineseConvert::initialize(wchar_t const *)" (?initialize@CChineseConvert@cmn@cst@@UEAA_NPEB_W@Z) already defined in cst.lib(utl_chineseconv.obj); second definition ignored
tts.synth.lib(utl_chineseconv.obj) : warning LNK4006: "public: virtual void __cdecl cst::cmn::CChineseConvert::terminate(void)" (?terminate@CChineseConvert@cmn@cst@@UEAAXXZ) already defined in cst.lib(utl_chineseconv.obj); second definition ignored
tts.synth.lib(utl_bigram.obj) : warning LNK4006: "public: double __cdecl cst::cmn::CBigram::getBigramValue(class std::basic_string<wchar_t,struct std::char_traits<wchar_t>,class std::allocator<wchar_t> > const &,class std::basic_string<wchar_t,struct std::char_traits<wchar_t>,class std::allocator<wchar_t> > const &)const " (?getBigramValue@CBigram@cmn@cst@@QEBANAEBV?$basic_string@_WU?$char_traits@_W@std@@V?$allocator@_W@2@@std@@0@Z) already defined in cst.lib(utl_bigram.obj); second definition ignored
tts.synth.lib(utl_bigram.obj) : warning LNK4006: "public: double __cdecl cst::cmn::CBigram::getBigramValue(int,int)const " (?getBigramValue@CBigram@cmn@cst@@QEBANHH@Z) already defined in cst.lib(utl_bigram.obj); second definition ignored
tts.synth.lib(utl_bigram.obj) : warning LNK4006: "public: int __cdecl cst::cmn::CBigram::getPOSIndex(class std::basic_string<wchar_t,struct std::char_traits<wchar_t>,class std::allocator<wchar_t> > const &)const " (?getPOSIndex@CBigram@cmn@cst@@QEBAHAEBV?$basic_string@_WU?$char_traits@_W@std@@V?$allocator@_W@2@@std@@@Z) already defined in cst.lib(utl_bigram.obj); second definition ignored
tts.synth.lib(utl_bigram.obj) : warning LNK4006: "public: bool __cdecl cst::cmn::CBigram::clear(void)" (?clear@CBigram@cmn@cst@@QEAA_NXZ) already defined in cst.lib(utl_bigram.obj); second definition ignored
tts.synth.lib(utl_bigram.obj) : warning LNK4006: "public: bool __cdecl cst::cmn::CBigram::loadBigramFromNGM(class std::basic_string<char,struct std::char_traits<char>,class std::allocator<char> > const &)" (?loadBigramFromNGM@CBigram@cmn@cst@@QEAA_NAEBV?$basic_string@DU?$char_traits@D@std@@V?$allocator@D@2@@std@@@Z) already defined in cst.lib(utl_bigram.obj); second definition ignored
tts.synth.lib(utl_bigram.obj) : warning LNK4006: "public: bool __cdecl cst::cmn::CBigram::saveBigramToNGM(class std::basic_string<char,struct std::char_traits<char>,class std::allocator<char> > const &)" (?saveBigramToNGM@CBigram@cmn@cst@@QEAA_NAEBV?$basic_string@DU?$char_traits@D@std@@V?$allocator@D@2@@std@@@Z) already defined in cst.lib(utl_bigram.obj); second definition ignored
tts.synth.lib(utl_bigram.obj) : warning LNK4006: "public: bool __cdecl cst::cmn::CBigram::loadBigramFromARPA(class std::basic_string<wchar_t,struct std::char_traits<wchar_t>,class std::allocator<wchar_t> > const &)" (?loadBigramFromARPA@CBigram@cmn@cst@@QEAA_NAEBV?$basic_string@_WU?$char_traits@_W@std@@V?$allocator@_W@2@@std@@@Z) already defined in cst.lib(utl_bigram.obj); second definition ignored
tts.synth.lib(cmn_textfile.obj) : warning LNK4006: "public: virtual bool __cdecl cst::cmn::CTextFile::writeString(wchar_t const *)" (?writeString@CTextFile@cmn@cst@@UEAA_NPEB_W@Z) already defined in cst.lib(cmn_textfile.obj); second definition ignored
tts.synth.lib(cmn_textfile.obj) : warning LNK4006: "public: virtual bool __cdecl cst::cmn::CTextFile::readString(class std::basic_string<wchar_t,struct std::char_traits<wchar_t>,class std::allocator<wchar_t> > &)" (?readString@CTextFile@cmn@cst@@UEAA_NAEAV?$basic_string@_WU?$char_traits@_W@std@@V?$allocator@_W@2@@std@@@Z) already defined in cst.lib(cmn_textfile.obj); second definition ignored
tts.synth.lib(cmn_textfile.obj) : warning LNK4006: "public: virtual bool __cdecl cst::cmn::CTextFile::open(wchar_t const *,wchar_t const *,enum cst::str::EEncoding)" (?open@CTextFile@cmn@cst@@UEAA_NPEB_W0W4EEncoding@str@3@@Z) already defined in cst.lib(cmn_textfile.obj); second definition ignored
tts.synth.lib(cmn_string.obj) : warning LNK4006: "int __cdecl cst::str::wcsnicmp(wchar_t const *,wchar_t const *,unsigned __int64)" (?wcsnicmp@str@cst@@YAHPEB_W0_K@Z) already defined in cst.lib(cmn_string.obj); second definition ignored
tts.synth.lib(cmn_string.obj) : warning LNK4006: "int __cdecl cst::str::snwprintf(wchar_t *,unsigned __int64,wchar_t const *,...)" (?snwprintf@str@cst@@YAHPEA_W_KPEB_WZZ) already defined in cst.lib(cmn_string.obj); second definition ignored
tts.synth.lib(cmn_file.obj) : warning LNK4006: "public: virtual __int64 __cdecl cst::cmn::CFile::tell(void)const " (?tell@CFile@cmn@cst@@UEBA_JXZ) already defined in cst.lib(cmn_file.obj); second definition ignored
tts.synth.lib(cmn_file.obj) : warning LNK4006: "public: virtual bool __cdecl cst::cmn::CFile::seek(__int64,int)const " (?seek@CFile@cmn@cst@@UEBA_N_JH@Z) already defined in cst.lib(cmn_file.obj); second definition ignored
tts.synth.lib(cmn_file.obj) : warning LNK4006: "public: virtual unsigned __int64 __cdecl cst::cmn::CFile::write(void const *,unsigned __int64,unsigned __int64)const " (?write@CFile@cmn@cst@@UEBA_KPEBX_K1@Z) already defined in cst.lib(cmn_file.obj); second definition ignored
tts.synth.lib(cmn_file.obj) : warning LNK4006: "public: virtual unsigned __int64 __cdecl cst::cmn::CFile::read(void *,unsigned __int64,unsigned __int64)const " (?read@CFile@cmn@cst@@UEBA_KPEAX_K1@Z) already defined in cst.lib(cmn_file.obj); second definition ignored
tts.synth.lib(cmn_file.obj) : warning LNK4006: "public: virtual bool __cdecl cst::cmn::CFile::close(void)" (?close@CFile@cmn@cst@@UEAA_NXZ) already defined in cst.lib(cmn_file.obj); second definition ignored
tts.synth.lib(cmn_file.obj) : warning LNK4006: "public: virtual bool __cdecl cst::cmn::CFile::open(wchar_t const *,wchar_t const *)" (?open@CFile@cmn@cst@@UEAA_NPEB_W0@Z) already defined in cst.lib(cmn_file.obj); second definition ignored
tts.synth.lib(cmn_file.obj) : warning LNK4006: "struct _iobuf * __cdecl cst::cmn::wfopen(wchar_t const *,wchar_t const *)" (?wfopen@cmn@cst@@YAPEAU_iobuf@@PEB_W0@Z) already defined in cst.lib(cmn_file.obj); second definition ignored
  TTSBase.synth.concat.vcxproj -> C:\Users\fanyu\OneDrive\文档\AAmstr\XFaceRepo\binary\x64.Release\tts.synth.concat.lib
