  tinystr.cpp
C:\Users\fanyu\OneDrive\文档\AAmstr\XFaceRepo\TinyXML\tinyxml.h(280,4): warning C4996: 'strncpy': This function or variable may be unsafe. Consider using strncpy_s instead. To disable deprecation, use _CRT_SECURE_NO_WARNINGS. See online help for details.
  tinyxml.cpp
C:\Users\fanyu\OneDrive\文档\AAmstr\XFaceRepo\TinyXML\tinyxml.h(280,4): warning C4996: 'strncpy': This function or variable may be unsafe. Consider using strncpy_s instead. To disable deprecation, use _CRT_SECURE_NO_WARNINGS. See online help for details.
C:\Users\fanyu\OneDrive\文档\AAmstr\XFaceRepo\TinyXML\tinyxml.cpp(103,4): warning C4996: 'sprintf': This function or variable may be unsafe. Consider using sprintf_s instead. To disable deprecation, use _CRT_SECURE_NO_WARNINGS. See online help for details.
C:\Users\fanyu\OneDrive\文档\AAmstr\XFaceRepo\TinyXML\tinyxml.cpp(126,3): warning C4996: 'strcpy': This function or variable may be unsafe. Consider using strcpy_s instead. To disable deprecation, use _CRT_SECURE_NO_WARNINGS. See online help for details.
C:\Users\fanyu\OneDrive\文档\AAmstr\XFaceRepo\TinyXML\tinyxml.cpp(718,2): warning C4996: 'sprintf': This function or variable may be unsafe. Consider using sprintf_s instead. To disable deprecation, use _CRT_SECURE_NO_WARNINGS. See online help for details.
C:\Users\fanyu\OneDrive\文档\AAmstr\XFaceRepo\TinyXML\tinyxml.cpp(726,2): warning C4996: 'sprintf': This function or variable may be unsafe. Consider using sprintf_s instead. To disable deprecation, use _CRT_SECURE_NO_WARNINGS. See online help for details.
C:\Users\fanyu\OneDrive\文档\AAmstr\XFaceRepo\TinyXML\tinyxml.cpp(944,15): warning C4996: 'fopen': This function or variable may be unsafe. Consider using fopen_s instead. To disable deprecation, use _CRT_SECURE_NO_WARNINGS. See online help for details.
C:\Users\fanyu\OneDrive\文档\AAmstr\XFaceRepo\TinyXML\tinyxml.cpp(989,13): warning C4996: 'fopen': This function or variable may be unsafe. Consider using fopen_s instead. To disable deprecation, use _CRT_SECURE_NO_WARNINGS. See online help for details.
C:\Users\fanyu\OneDrive\文档\AAmstr\XFaceRepo\TinyXML\tinyxml.cpp(1122,7): warning C4996: 'sscanf': This function or variable may be unsafe. Consider using sscanf_s instead. To disable deprecation, use _CRT_SECURE_NO_WARNINGS. See online help for details.
C:\Users\fanyu\OneDrive\文档\AAmstr\XFaceRepo\TinyXML\tinyxml.cpp(1129,7): warning C4996: 'sscanf': This function or variable may be unsafe. Consider using sscanf_s instead. To disable deprecation, use _CRT_SECURE_NO_WARNINGS. See online help for details.
C:\Users\fanyu\OneDrive\文档\AAmstr\XFaceRepo\TinyXML\tinyxml.cpp(1137,2): warning C4996: 'sprintf': This function or variable may be unsafe. Consider using sprintf_s instead. To disable deprecation, use _CRT_SECURE_NO_WARNINGS. See online help for details.
C:\Users\fanyu\OneDrive\文档\AAmstr\XFaceRepo\TinyXML\tinyxml.cpp(1144,2): warning C4996: 'sprintf': This function or variable may be unsafe. Consider using sprintf_s instead. To disable deprecation, use _CRT_SECURE_NO_WARNINGS. See online help for details.
  tinyxmlerror.cpp
C:\Users\fanyu\OneDrive\文档\AAmstr\XFaceRepo\TinyXML\tinyxml.h(280,4): warning C4996: 'strncpy': This function or variable may be unsafe. Consider using strncpy_s instead. To disable deprecation, use _CRT_SECURE_NO_WARNINGS. See online help for details.
  tinyxmlparser.cpp
C:\Users\fanyu\OneDrive\文档\AAmstr\XFaceRepo\TinyXML\tinyxml.h(280,4): warning C4996: 'strncpy': This function or variable may be unsafe. Consider using strncpy_s instead. To disable deprecation, use _CRT_SECURE_NO_WARNINGS. See online help for details.
  Generating Code...
  tinyxmlSTL.vcxproj -> C:\Users\fanyu\OneDrive\文档\AAmstr\XFaceRepo\binary\Win32\Release\tinyxmlSTL.lib
